{"D:\\Cursos - Programacao\\Programa Starter 9 edicao\\Banco de Dados III\\Atividades\\API-lista-recados-banco\\src\\app\\envs\\auth.env.ts": {"path":"D:\\Cursos - Programacao\\Programa Starter 9 edicao\\Banco de Dados III\\Atividades\\API-lista-recados-banco\\src\\app\\envs\\auth.env.ts","statementMap":{"0":{"start":{"line":1,"column":0},"end":{"line":1,"column":32}},"1":{"start":{"line":2,"column":0},"end":{"line":2,"column":null}},"2":{"start":{"line":4,"column":13},"end":{"line":6,"column":null}}},"fnMap":{},"branchMap":{},"s":{"0":11,"1":11,"2":11},"f":{},"b":{}}
,"D:\\Cursos - Programacao\\Programa Starter 9 edicao\\Banco de Dados III\\Atividades\\API-lista-recados-banco\\src\\app\\envs\\database.env.ts": {"path":"D:\\Cursos - Programacao\\Programa Starter 9 edicao\\Banco de Dados III\\Atividades\\API-lista-recados-banco\\src\\app\\envs\\database.env.ts","statementMap":{"0":{"start":{"line":1,"column":0},"end":{"line":1,"column":32}},"1":{"start":{"line":2,"column":0},"end":{"line":2,"column":null}},"2":{"start":{"line":4,"column":13},"end":{"line":11,"column":null}}},"fnMap":{},"branchMap":{},"s":{"0":11,"1":11,"2":11},"f":{},"b":{}}
,"D:\\Cursos - Programacao\\Programa Starter 9 edicao\\Banco de Dados III\\Atividades\\API-lista-recados-banco\\src\\app\\envs\\redis.env.ts": {"path":"D:\\Cursos - Programacao\\Programa Starter 9 edicao\\Banco de Dados III\\Atividades\\API-lista-recados-banco\\src\\app\\envs\\redis.env.ts","statementMap":{"0":{"start":{"line":1,"column":0},"end":{"line":1,"column":32}},"1":{"start":{"line":2,"column":0},"end":{"line":2,"column":null}},"2":{"start":{"line":4,"column":13},"end":{"line":9,"column":null}}},"fnMap":{},"branchMap":{},"s":{"0":11,"1":11,"2":11},"f":{},"b":{}}
,"D:\\Cursos - Programacao\\Programa Starter 9 edicao\\Banco de Dados III\\Atividades\\API-lista-recados-banco\\src\\app\\envs\\server.env.ts": {"path":"D:\\Cursos - Programacao\\Programa Starter 9 edicao\\Banco de Dados III\\Atividades\\API-lista-recados-banco\\src\\app\\envs\\server.env.ts","statementMap":{"0":{"start":{"line":1,"column":0},"end":{"line":1,"column":32}},"1":{"start":{"line":2,"column":0},"end":{"line":2,"column":null}},"2":{"start":{"line":4,"column":13},"end":{"line":6,"column":null}}},"fnMap":{},"branchMap":{},"s":{"0":1,"1":1,"2":1},"f":{},"b":{}}
,"D:\\Cursos - Programacao\\Programa Starter 9 edicao\\Banco de Dados III\\Atividades\\API-lista-recados-banco\\src\\app\\features\\login\\controllers\\login.controller.ts": {"path":"D:\\Cursos - Programacao\\Programa Starter 9 edicao\\Banco de Dados III\\Atividades\\API-lista-recados-banco\\src\\app\\features\\login\\controllers\\login.controller.ts","statementMap":{"0":{"start":{"line":2,"column":0},"end":{"line":2,"column":65}},"1":{"start":{"line":3,"column":0},"end":{"line":3,"column":72}},"2":{"start":{"line":7,"column":8},"end":{"line":19,"column":null}},"3":{"start":{"line":8,"column":40},"end":{"line":8,"column":48}},"4":{"start":{"line":10,"column":20},"end":{"line":10,"column":45}},"5":{"start":{"line":11,"column":27},"end":{"line":14,"column":14}},"6":{"start":{"line":16,"column":12},"end":{"line":16,"column":null}},"7":{"start":{"line":18,"column":12},"end":{"line":18,"column":null}},"8":{"start":{"line":5,"column":0},"end":{"line":5,"column":13}}},"fnMap":{"0":{"name":"(anonymous_0)","decl":{"start":{"line":6,"column":11},"end":{"line":6,"column":16}},"loc":{"start":{"line":6,"column":51},"end":{"line":20,"column":5}}}},"branchMap":{},"s":{"0":11,"1":11,"2":3,"3":3,"4":3,"5":3,"6":2,"7":1,"8":11},"f":{"0":3},"b":{}}
,"D:\\Cursos - Programacao\\Programa Starter 9 edicao\\Banco de Dados III\\Atividades\\API-lista-recados-banco\\src\\app\\features\\login\\routes\\login.routes.ts": {"path":"D:\\Cursos - Programacao\\Programa Starter 9 edicao\\Banco de Dados III\\Atividades\\API-lista-recados-banco\\src\\app\\features\\login\\routes\\login.routes.ts","statementMap":{"0":{"start":{"line":1,"column":0},"end":{"line":1,"column":32}},"1":{"start":{"line":2,"column":0},"end":{"line":2,"column":65}},"2":{"start":{"line":5,"column":27},"end":{"line":11,"column":1}},"3":{"start":{"line":6,"column":19},"end":{"line":6,"column":28}},"4":{"start":{"line":8,"column":4},"end":{"line":8,"column":null}},"5":{"start":{"line":10,"column":4},"end":{"line":10,"column":null}},"6":{"start":{"line":5,"column":13},"end":{"line":5,"column":27}}},"fnMap":{"0":{"name":"(anonymous_0)","decl":{"start":{"line":5,"column":27},"end":{"line":5,"column":30}},"loc":{"start":{"line":5,"column":32},"end":{"line":11,"column":1}}}},"branchMap":{},"s":{"0":11,"1":11,"2":11,"3":11,"4":11,"5":11,"6":11},"f":{"0":11},"b":{}}
,"D:\\Cursos - Programacao\\Programa Starter 9 edicao\\Banco de Dados III\\Atividades\\API-lista-recados-banco\\src\\app\\features\\login\\usecase\\login.usecase.ts": {"path":"D:\\Cursos - Programacao\\Programa Starter 9 edicao\\Banco de Dados III\\Atividades\\API-lista-recados-banco\\src\\app\\features\\login\\usecase\\login.usecase.ts","statementMap":{"0":{"start":{"line":1,"column":0},"end":{"line":1,"column":61}},"1":{"start":{"line":12,"column":16},"end":{"line":12,"column":49}},"2":{"start":{"line":16,"column":24},"end":{"line":16,"column":86}},"3":{"start":{"line":18,"column":8},"end":{"line":24,"column":null}},"4":{"start":{"line":19,"column":12},"end":{"line":23,"column":null}},"5":{"start":{"line":26,"column":22},"end":{"line":26,"column":53}},"6":{"start":{"line":28,"column":8},"end":{"line":36,"column":null}},"7":{"start":{"line":10,"column":0},"end":{"line":10,"column":13}}},"fnMap":{"0":{"name":"(anonymous_0)","decl":{"start":{"line":11,"column":4},"end":{"line":11,"column":null}},"loc":{"start":{"line":12,"column":49},"end":{"line":13,"column":8}}},"1":{"name":"(anonymous_1)","decl":{"start":{"line":15,"column":11},"end":{"line":15,"column":16}},"loc":{"start":{"line":15,"column":43},"end":{"line":37,"column":5}}}},"branchMap":{"0":{"loc":{"start":{"line":18,"column":8},"end":{"line":24,"column":null}},"type":"if","locations":[{"start":{"line":18,"column":8},"end":{"line":24,"column":null}}]}},"s":{"0":11,"1":3,"2":2,"3":2,"4":1,"5":1,"6":1,"7":11},"f":{"0":3,"1":2},"b":{"0":[1]}}
,"D:\\Cursos - Programacao\\Programa Starter 9 edicao\\Banco de Dados III\\Atividades\\API-lista-recados-banco\\src\\app\\features\\login\\util\\login.usecase.factory.ts": {"path":"D:\\Cursos - Programacao\\Programa Starter 9 edicao\\Banco de Dados III\\Atividades\\API-lista-recados-banco\\src\\app\\features\\login\\util\\login.usecase.factory.ts","statementMap":{"0":{"start":{"line":1,"column":0},"end":{"line":1,"column":70}},"1":{"start":{"line":2,"column":0},"end":{"line":2,"column":55}},"2":{"start":{"line":4,"column":39},"end":{"line":8,"column":1}},"3":{"start":{"line":5,"column":21},"end":{"line":5,"column":39}},"4":{"start":{"line":7,"column":4},"end":{"line":7,"column":null}},"5":{"start":{"line":4,"column":13},"end":{"line":4,"column":39}}},"fnMap":{"0":{"name":"(anonymous_0)","decl":{"start":{"line":4,"column":39},"end":{"line":4,"column":42}},"loc":{"start":{"line":4,"column":44},"end":{"line":8,"column":1}}}},"branchMap":{},"s":{"0":11,"1":11,"2":11,"3":3,"4":3,"5":11},"f":{"0":3},"b":{}}
,"D:\\Cursos - Programacao\\Programa Starter 9 edicao\\Banco de Dados III\\Atividades\\API-lista-recados-banco\\src\\app\\features\\login\\validators\\check.login.validator.ts": {"path":"D:\\Cursos - Programacao\\Programa Starter 9 edicao\\Banco de Dados III\\Atividades\\API-lista-recados-banco\\src\\app\\features\\login\\validators\\check.login.validator.ts","statementMap":{"0":{"start":{"line":2,"column":0},"end":{"line":2,"column":65}},"1":{"start":{"line":3,"column":0},"end":{"line":3,"column":62}},"2":{"start":{"line":5,"column":35},"end":{"line":24,"column":1}},"3":{"start":{"line":6,"column":4},"end":{"line":23,"column":null}},"4":{"start":{"line":7,"column":22},"end":{"line":7,"column":50}},"5":{"start":{"line":8,"column":8},"end":{"line":8,"column":null}},"6":{"start":{"line":10,"column":8},"end":{"line":15,"column":null}},"7":{"start":{"line":11,"column":12},"end":{"line":14,"column":null}},"8":{"start":{"line":17,"column":24},"end":{"line":17,"column":52}},"9":{"start":{"line":18,"column":8},"end":{"line":18,"column":null}},"10":{"start":{"line":20,"column":8},"end":{"line":20,"column":null}},"11":{"start":{"line":22,"column":8},"end":{"line":22,"column":null}},"12":{"start":{"line":5,"column":13},"end":{"line":5,"column":35}}},"fnMap":{"0":{"name":"(anonymous_0)","decl":{"start":{"line":5,"column":35},"end":{"line":5,"column":36}},"loc":{"start":{"line":5,"column":87},"end":{"line":24,"column":1}}}},"branchMap":{"0":{"loc":{"start":{"line":10,"column":8},"end":{"line":15,"column":null}},"type":"if","locations":[{"start":{"line":10,"column":8},"end":{"line":15,"column":null}}]}},"s":{"0":11,"1":11,"2":11,"3":21,"4":21,"5":21,"6":21,"7":1,"8":20,"9":19,"10":19,"11":1,"12":11},"f":{"0":21},"b":{"0":[1]}}
,"D:\\Cursos - Programacao\\Programa Starter 9 edicao\\Banco de Dados III\\Atividades\\API-lista-recados-banco\\src\\app\\features\\recados\\controller\\recado.controller.ts": {"path":"D:\\Cursos - Programacao\\Programa Starter 9 edicao\\Banco de Dados III\\Atividades\\API-lista-recados-banco\\src\\app\\features\\recados\\controller\\recado.controller.ts","statementMap":{"0":{"start":{"line":2,"column":0},"end":{"line":2,"column":65}},"1":{"start":{"line":3,"column":0},"end":{"line":3,"column":186}},"2":{"start":{"line":7,"column":8},"end":{"line":18,"column":null}},"3":{"start":{"line":8,"column":27},"end":{"line":8,"column":37}},"4":{"start":{"line":9,"column":34},"end":{"line":9,"column":43}},"5":{"start":{"line":10,"column":30},"end":{"line":10,"column":48}},"6":{"start":{"line":12,"column":29},"end":{"line":12,"column":55}},"7":{"start":{"line":13,"column":27},"end":{"line":13,"column":64}},"8":{"start":{"line":15,"column":12},"end":{"line":15,"column":null}},"9":{"start":{"line":17,"column":12},"end":{"line":17,"column":null}},"10":{"start":{"line":22,"column":8},"end":{"line":34,"column":null}},"11":{"start":{"line":23,"column":35},"end":{"line":23,"column":45}},"12":{"start":{"line":25,"column":28},"end":{"line":25,"column":54}},"13":{"start":{"line":26,"column":27},"end":{"line":29,"column":14}},"14":{"start":{"line":31,"column":12},"end":{"line":31,"column":null}},"15":{"start":{"line":33,"column":12},"end":{"line":33,"column":null}},"16":{"start":{"line":38,"column":8},"end":{"line":52,"column":null}},"17":{"start":{"line":39,"column":27},"end":{"line":39,"column":37}},"18":{"start":{"line":40,"column":44},"end":{"line":40,"column":52}},"19":{"start":{"line":42,"column":29},"end":{"line":42,"column":57}},"20":{"start":{"line":43,"column":27},"end":{"line":47,"column":14}},"21":{"start":{"line":49,"column":12},"end":{"line":49,"column":null}},"22":{"start":{"line":51,"column":12},"end":{"line":51,"column":null}},"23":{"start":{"line":56,"column":8},"end":{"line":68,"column":null}},"24":{"start":{"line":57,"column":35},"end":{"line":57,"column":45}},"25":{"start":{"line":59,"column":29},"end":{"line":59,"column":58}},"26":{"start":{"line":60,"column":27},"end":{"line":63,"column":14}},"27":{"start":{"line":65,"column":12},"end":{"line":65,"column":null}},"28":{"start":{"line":67,"column":12},"end":{"line":67,"column":null}},"29":{"start":{"line":72,"column":8},"end":{"line":88,"column":null}},"30":{"start":{"line":73,"column":35},"end":{"line":73,"column":45}},"31":{"start":{"line":74,"column":55},"end":{"line":74,"column":63}},"32":{"start":{"line":76,"column":28},"end":{"line":76,"column":57}},"33":{"start":{"line":77,"column":27},"end":{"line":83,"column":14}},"34":{"start":{"line":85,"column":12},"end":{"line":85,"column":null}},"35":{"start":{"line":87,"column":12},"end":{"line":87,"column":null}},"36":{"start":{"line":5,"column":0},"end":{"line":5,"column":13}}},"fnMap":{"0":{"name":"(anonymous_0)","decl":{"start":{"line":6,"column":11},"end":{"line":6,"column":16}},"loc":{"start":{"line":6,"column":49},"end":{"line":19,"column":5}}},"1":{"name":"(anonymous_1)","decl":{"start":{"line":21,"column":11},"end":{"line":21,"column":16}},"loc":{"start":{"line":21,"column":48},"end":{"line":35,"column":5}}},"2":{"name":"(anonymous_2)","decl":{"start":{"line":37,"column":11},"end":{"line":37,"column":16}},"loc":{"start":{"line":37,"column":51},"end":{"line":53,"column":5}}},"3":{"name":"(anonymous_3)","decl":{"start":{"line":55,"column":11},"end":{"line":55,"column":16}},"loc":{"start":{"line":55,"column":51},"end":{"line":69,"column":5}}},"4":{"name":"(anonymous_4)","decl":{"start":{"line":71,"column":11},"end":{"line":71,"column":16}},"loc":{"start":{"line":71,"column":51},"end":{"line":89,"column":5}}}},"branchMap":{},"s":{"0":11,"1":11,"2":4,"3":4,"4":4,"5":4,"6":4,"7":4,"8":3,"9":1,"10":5,"11":5,"12":5,"13":5,"14":4,"15":1,"16":2,"17":2,"18":2,"19":2,"20":2,"21":1,"22":1,"23":4,"24":4,"25":4,"26":4,"27":3,"28":1,"29":4,"30":4,"31":4,"32":4,"33":4,"34":3,"35":1,"36":11},"f":{"0":4,"1":5,"2":2,"3":4,"4":4},"b":{}}
,"D:\\Cursos - Programacao\\Programa Starter 9 edicao\\Banco de Dados III\\Atividades\\API-lista-recados-banco\\src\\app\\features\\recados\\database\\recado.repository.ts": {"path":"D:\\Cursos - Programacao\\Programa Starter 9 edicao\\Banco de Dados III\\Atividades\\API-lista-recados-banco\\src\\app\\features\\recados\\database\\recado.repository.ts","statementMap":{"0":{"start":{"line":2,"column":0},"end":{"line":2,"column":82}},"1":{"start":{"line":3,"column":0},"end":{"line":3,"column":56}},"2":{"start":{"line":4,"column":0},"end":{"line":4,"column":80}},"3":{"start":{"line":7,"column":25},"end":{"line":7,"column":82}},"4":{"start":{"line":10,"column":54},"end":{"line":10,"column":56}},"5":{"start":{"line":12,"column":8},"end":{"line":16,"column":null}},"6":{"start":{"line":13,"column":12},"end":{"line":13,"column":53}},"7":{"start":{"line":15,"column":12},"end":{"line":15,"column":42}},"8":{"start":{"line":18,"column":23},"end":{"line":18,"column":57}},"9":{"start":{"line":20,"column":8},"end":{"line":20,"column":77}},"10":{"start":{"line":20,"column":36},"end":{"line":20,"column":75}},"11":{"start":{"line":24,"column":8},"end":{"line":29,"column":null}},"12":{"start":{"line":33,"column":29},"end":{"line":38,"column":10}},"13":{"start":{"line":40,"column":23},"end":{"line":40,"column":48}},"14":{"start":{"line":42,"column":8},"end":{"line":42,"column":null}},"15":{"start":{"line":46,"column":23},"end":{"line":48,"column":10}},"16":{"start":{"line":50,"column":8},"end":{"line":52,"column":null}},"17":{"start":{"line":51,"column":12},"end":{"line":51,"column":null}},"18":{"start":{"line":54,"column":8},"end":{"line":54,"column":null}},"19":{"start":{"line":58,"column":23},"end":{"line":60,"column":10}},"20":{"start":{"line":62,"column":8},"end":{"line":62,"column":null}},"21":{"start":{"line":66,"column":23},"end":{"line":72,"column":10}},"22":{"start":{"line":74,"column":8},"end":{"line":74,"column":null}},"23":{"start":{"line":6,"column":0},"end":{"line":6,"column":13}}},"fnMap":{"0":{"name":"(anonymous_0)","decl":{"start":{"line":9,"column":11},"end":{"line":9,"column":16}},"loc":{"start":{"line":9,"column":53},"end":{"line":21,"column":7}}},"1":{"name":"(anonymous_1)","decl":{"start":{"line":20,"column":26},"end":{"line":20,"column":27}},"loc":{"start":{"line":20,"column":36},"end":{"line":20,"column":75}}},"2":{"name":"(anonymous_2)","decl":{"start":{"line":23,"column":11},"end":{"line":23,"column":17}},"loc":{"start":{"line":23,"column":55},"end":{"line":30,"column":5}}},"3":{"name":"(anonymous_3)","decl":{"start":{"line":32,"column":11},"end":{"line":32,"column":16}},"loc":{"start":{"line":32,"column":51},"end":{"line":43,"column":5}}},"4":{"name":"(anonymous_4)","decl":{"start":{"line":45,"column":11},"end":{"line":45,"column":16}},"loc":{"start":{"line":45,"column":32},"end":{"line":55,"column":5}}},"5":{"name":"(anonymous_5)","decl":{"start":{"line":57,"column":11},"end":{"line":57,"column":16}},"loc":{"start":{"line":57,"column":35},"end":{"line":63,"column":5}}},"6":{"name":"(anonymous_6)","decl":{"start":{"line":65,"column":11},"end":{"line":65,"column":16}},"loc":{"start":{"line":65,"column":127},"end":{"line":75,"column":5}}}},"branchMap":{"0":{"loc":{"start":{"line":12,"column":8},"end":{"line":16,"column":null}},"type":"if","locations":[{"start":{"line":12,"column":8},"end":{"line":16,"column":null}},{"start":{"line":14,"column":15},"end":{"line":16,"column":null}}]},"1":{"loc":{"start":{"line":50,"column":8},"end":{"line":52,"column":null}},"type":"if","locations":[{"start":{"line":50,"column":8},"end":{"line":52,"column":null}}]},"2":{"loc":{"start":{"line":62,"column":15},"end":{"line":62,"column":35}},"type":"binary-expr","locations":[{"start":{"line":62,"column":15},"end":{"line":62,"column":30}},{"start":{"line":62,"column":34},"end":{"line":62,"column":35}}]},"3":{"loc":{"start":{"line":74,"column":15},"end":{"line":74,"column":35}},"type":"binary-expr","locations":[{"start":{"line":74,"column":15},"end":{"line":74,"column":30}},{"start":{"line":74,"column":34},"end":{"line":74,"column":35}}]}},"s":{"0":11,"1":11,"2":11,"3":19,"4":2,"5":2,"6":2,"7":0,"8":2,"9":2,"10":2,"11":5,"12":1,"13":1,"14":1,"15":4,"16":4,"17":2,"18":2,"19":2,"20":2,"21":1,"22":1,"23":11},"f":{"0":2,"1":2,"2":5,"3":1,"4":4,"5":2,"6":1},"b":{"0":[2,0],"1":[2],"2":[2,0],"3":[1,0]}}
,"D:\\Cursos - Programacao\\Programa Starter 9 edicao\\Banco de Dados III\\Atividades\\API-lista-recados-banco\\src\\app\\features\\recados\\routes\\recados.routes.ts": {"path":"D:\\Cursos - Programacao\\Programa Starter 9 edicao\\Banco de Dados III\\Atividades\\API-lista-recados-banco\\src\\app\\features\\recados\\routes\\recados.routes.ts","statementMap":{"0":{"start":{"line":1,"column":0},"end":{"line":1,"column":33}},"1":{"start":{"line":2,"column":0},"end":{"line":2,"column":67}},"2":{"start":{"line":3,"column":0},"end":{"line":3,"column":79}},"3":{"start":{"line":4,"column":0},"end":{"line":4,"column":83}},"4":{"start":{"line":6,"column":29},"end":{"line":20,"column":1}},"5":{"start":{"line":7,"column":16},"end":{"line":7,"column":24}},"6":{"start":{"line":9,"column":4},"end":{"line":9,"column":null}},"7":{"start":{"line":11,"column":4},"end":{"line":11,"column":null}},"8":{"start":{"line":13,"column":4},"end":{"line":13,"column":null}},"9":{"start":{"line":15,"column":4},"end":{"line":15,"column":null}},"10":{"start":{"line":17,"column":4},"end":{"line":17,"column":null}},"11":{"start":{"line":19,"column":4},"end":{"line":19,"column":null}},"12":{"start":{"line":6,"column":13},"end":{"line":6,"column":29}}},"fnMap":{"0":{"name":"(anonymous_0)","decl":{"start":{"line":6,"column":29},"end":{"line":6,"column":32}},"loc":{"start":{"line":6,"column":34},"end":{"line":20,"column":1}}}},"branchMap":{},"s":{"0":11,"1":11,"2":11,"3":11,"4":11,"5":11,"6":11,"7":11,"8":11,"9":11,"10":11,"11":11,"12":11},"f":{"0":11},"b":{}}
,"D:\\Cursos - Programacao\\Programa Starter 9 edicao\\Banco de Dados III\\Atividades\\API-lista-recados-banco\\src\\app\\features\\recados\\usecase\\create.recados.usecase.ts": {"path":"D:\\Cursos - Programacao\\Programa Starter 9 edicao\\Banco de Dados III\\Atividades\\API-lista-recados-banco\\src\\app\\features\\recados\\usecase\\create.recados.usecase.ts","statementMap":{"0":{"start":{"line":1,"column":0},"end":{"line":1,"column":56}},"1":{"start":{"line":13,"column":27},"end":{"line":13,"column":36}},"2":{"start":{"line":17,"column":16},"end":{"line":17,"column":56}},"3":{"start":{"line":18,"column":16},"end":{"line":18,"column":55}},"4":{"start":{"line":19,"column":16},"end":{"line":19,"column":46}},"5":{"start":{"line":22,"column":33},"end":{"line":22,"column":35}},"6":{"start":{"line":24,"column":21},"end":{"line":24,"column":57}},"7":{"start":{"line":26,"column":8},"end":{"line":32,"column":null}},"8":{"start":{"line":27,"column":12},"end":{"line":31,"column":null}},"9":{"start":{"line":34,"column":23},"end":{"line":34,"column":65}},"10":{"start":{"line":35,"column":23},"end":{"line":35,"column":66}},"11":{"start":{"line":37,"column":8},"end":{"line":37,"column":42}},"12":{"start":{"line":39,"column":8},"end":{"line":39,"column":null}},"13":{"start":{"line":41,"column":8},"end":{"line":46,"column":null}},"14":{"start":{"line":50,"column":26},"end":{"line":50,"column":73}},"15":{"start":{"line":52,"column":8},"end":{"line":54,"column":null}},"16":{"start":{"line":53,"column":12},"end":{"line":53,"column":41}},"17":{"start":{"line":15,"column":0},"end":{"line":15,"column":13}}},"fnMap":{"0":{"name":"(anonymous_0)","decl":{"start":{"line":16,"column":4},"end":{"line":16,"column":null}},"loc":{"start":{"line":19,"column":46},"end":{"line":20,"column":7}}},"1":{"name":"(anonymous_1)","decl":{"start":{"line":21,"column":11},"end":{"line":21,"column":16}},"loc":{"start":{"line":21,"column":49},"end":{"line":47,"column":5}}},"2":{"name":"(anonymous_2)","decl":{"start":{"line":49,"column":11},"end":{"line":49,"column":16}},"loc":{"start":{"line":49,"column":37},"end":{"line":55,"column":5}}}},"branchMap":{"0":{"loc":{"start":{"line":26,"column":8},"end":{"line":32,"column":null}},"type":"if","locations":[{"start":{"line":26,"column":8},"end":{"line":32,"column":null}}]}},"s":{"0":11,"1":11,"2":2,"3":2,"4":2,"5":1,"6":1,"7":1,"8":0,"9":1,"10":1,"11":1,"12":1,"13":1,"14":1,"15":1,"16":0,"17":11},"f":{"0":2,"1":1,"2":1},"b":{"0":[0]}}
,"D:\\Cursos - Programacao\\Programa Starter 9 edicao\\Banco de Dados III\\Atividades\\API-lista-recados-banco\\src\\app\\features\\recados\\usecase\\delete.recados.usecase.ts": {"path":"D:\\Cursos - Programacao\\Programa Starter 9 edicao\\Banco de Dados III\\Atividades\\API-lista-recados-banco\\src\\app\\features\\recados\\usecase\\delete.recados.usecase.ts","statementMap":{"0":{"start":{"line":11,"column":27},"end":{"line":11,"column":36}},"1":{"start":{"line":15,"column":16},"end":{"line":15,"column":56}},"2":{"start":{"line":16,"column":16},"end":{"line":16,"column":55}},"3":{"start":{"line":17,"column":16},"end":{"line":17,"column":46}},"4":{"start":{"line":21,"column":21},"end":{"line":21,"column":61}},"5":{"start":{"line":23,"column":8},"end":{"line":29,"column":null}},"6":{"start":{"line":24,"column":12},"end":{"line":28,"column":null}},"7":{"start":{"line":31,"column":23},"end":{"line":31,"column":58}},"8":{"start":{"line":33,"column":8},"end":{"line":39,"column":null}},"9":{"start":{"line":34,"column":12},"end":{"line":38,"column":null}},"10":{"start":{"line":41,"column":8},"end":{"line":41,"column":42}},"11":{"start":{"line":43,"column":8},"end":{"line":43,"column":null}},"12":{"start":{"line":45,"column":8},"end":{"line":50,"column":null}},"13":{"start":{"line":54,"column":26},"end":{"line":54,"column":73}},"14":{"start":{"line":56,"column":8},"end":{"line":58,"column":null}},"15":{"start":{"line":57,"column":12},"end":{"line":57,"column":41}},"16":{"start":{"line":13,"column":0},"end":{"line":13,"column":13}}},"fnMap":{"0":{"name":"(anonymous_0)","decl":{"start":{"line":14,"column":4},"end":{"line":14,"column":null}},"loc":{"start":{"line":17,"column":46},"end":{"line":18,"column":8}}},"1":{"name":"(anonymous_1)","decl":{"start":{"line":20,"column":11},"end":{"line":20,"column":16}},"loc":{"start":{"line":20,"column":50},"end":{"line":51,"column":5}}},"2":{"name":"(anonymous_2)","decl":{"start":{"line":53,"column":11},"end":{"line":53,"column":16}},"loc":{"start":{"line":53,"column":37},"end":{"line":59,"column":5}}}},"branchMap":{"0":{"loc":{"start":{"line":23,"column":8},"end":{"line":29,"column":null}},"type":"if","locations":[{"start":{"line":23,"column":8},"end":{"line":29,"column":null}}]},"1":{"loc":{"start":{"line":33,"column":8},"end":{"line":39,"column":null}},"type":"if","locations":[{"start":{"line":33,"column":8},"end":{"line":39,"column":null}}]}},"s":{"0":11,"1":4,"2":4,"3":4,"4":3,"5":3,"6":1,"7":2,"8":2,"9":1,"10":1,"11":1,"12":1,"13":1,"14":1,"15":0,"16":11},"f":{"0":4,"1":3,"2":1},"b":{"0":[1],"1":[1]}}
,"D:\\Cursos - Programacao\\Programa Starter 9 edicao\\Banco de Dados III\\Atividades\\API-lista-recados-banco\\src\\app\\features\\recados\\usecase\\get.recados.usecase.ts": {"path":"D:\\Cursos - Programacao\\Programa Starter 9 edicao\\Banco de Dados III\\Atividades\\API-lista-recados-banco\\src\\app\\features\\recados\\usecase\\get.recados.usecase.ts","statementMap":{"0":{"start":{"line":12,"column":23},"end":{"line":12,"column":31}},"1":{"start":{"line":16,"column":16},"end":{"line":16,"column":54}},"2":{"start":{"line":17,"column":16},"end":{"line":17,"column":55}},"3":{"start":{"line":18,"column":16},"end":{"line":18,"column":38}},"4":{"start":{"line":21,"column":21},"end":{"line":21,"column":61}},"5":{"start":{"line":23,"column":8},"end":{"line":29,"column":null}},"6":{"start":{"line":24,"column":12},"end":{"line":28,"column":null}},"7":{"start":{"line":31,"column":28},"end":{"line":31,"column":80}},"8":{"start":{"line":33,"column":8},"end":{"line":40,"column":null}},"9":{"start":{"line":34,"column":12},"end":{"line":39,"column":null}},"10":{"start":{"line":42,"column":23},"end":{"line":42,"column":55}},"11":{"start":{"line":44,"column":8},"end":{"line":50,"column":null}},"12":{"start":{"line":45,"column":12},"end":{"line":49,"column":null}},"13":{"start":{"line":52,"column":8},"end":{"line":52,"column":null}},"14":{"start":{"line":54,"column":8},"end":{"line":59,"column":null}},"15":{"start":{"line":14,"column":0},"end":{"line":14,"column":13}}},"fnMap":{"0":{"name":"(anonymous_0)","decl":{"start":{"line":15,"column":4},"end":{"line":15,"column":null}},"loc":{"start":{"line":18,"column":38},"end":{"line":19,"column":7}}},"1":{"name":"(anonymous_1)","decl":{"start":{"line":20,"column":11},"end":{"line":20,"column":16}},"loc":{"start":{"line":20,"column":47},"end":{"line":60,"column":5}}}},"branchMap":{"0":{"loc":{"start":{"line":23,"column":8},"end":{"line":29,"column":null}},"type":"if","locations":[{"start":{"line":23,"column":8},"end":{"line":29,"column":null}}]},"1":{"loc":{"start":{"line":33,"column":8},"end":{"line":40,"column":null}},"type":"if","locations":[{"start":{"line":33,"column":8},"end":{"line":40,"column":null}}]},"2":{"loc":{"start":{"line":44,"column":8},"end":{"line":50,"column":null}},"type":"if","locations":[{"start":{"line":44,"column":8},"end":{"line":50,"column":null}}]}},"s":{"0":11,"1":5,"2":5,"3":5,"4":4,"5":4,"6":2,"7":2,"8":2,"9":0,"10":2,"11":2,"12":1,"13":1,"14":1,"15":11},"f":{"0":5,"1":4},"b":{"0":[2],"1":[0],"2":[1]}}
,"D:\\Cursos - Programacao\\Programa Starter 9 edicao\\Banco de Dados III\\Atividades\\API-lista-recados-banco\\src\\app\\features\\recados\\usecase\\list.recados.usecase.ts": {"path":"D:\\Cursos - Programacao\\Programa Starter 9 edicao\\Banco de Dados III\\Atividades\\API-lista-recados-banco\\src\\app\\features\\recados\\usecase\\list.recados.usecase.ts","statementMap":{"0":{"start":{"line":8,"column":27},"end":{"line":8,"column":36}},"1":{"start":{"line":12,"column":16},"end":{"line":12,"column":54}},"2":{"start":{"line":13,"column":16},"end":{"line":13,"column":55}},"3":{"start":{"line":14,"column":16},"end":{"line":14,"column":46}},"4":{"start":{"line":17,"column":21},"end":{"line":17,"column":52}},"5":{"start":{"line":19,"column":8},"end":{"line":25,"column":null}},"6":{"start":{"line":20,"column":12},"end":{"line":24,"column":null}},"7":{"start":{"line":27,"column":25},"end":{"line":27,"column":78}},"8":{"start":{"line":28,"column":30},"end":{"line":28,"column":71}},"9":{"start":{"line":30,"column":8},"end":{"line":37,"column":null}},"10":{"start":{"line":31,"column":12},"end":{"line":36,"column":14}},"11":{"start":{"line":39,"column":24},"end":{"line":39,"column":63}},"12":{"start":{"line":41,"column":23},"end":{"line":41,"column":64}},"13":{"start":{"line":41,"column":48},"end":{"line":41,"column":63}},"14":{"start":{"line":43,"column":8},"end":{"line":43,"column":null}},"15":{"start":{"line":45,"column":8},"end":{"line":50,"column":null}},"16":{"start":{"line":10,"column":0},"end":{"line":10,"column":13}}},"fnMap":{"0":{"name":"(anonymous_0)","decl":{"start":{"line":11,"column":4},"end":{"line":11,"column":null}},"loc":{"start":{"line":14,"column":46},"end":{"line":15,"column":7}}},"1":{"name":"(anonymous_1)","decl":{"start":{"line":16,"column":11},"end":{"line":16,"column":16}},"loc":{"start":{"line":16,"column":56},"end":{"line":51,"column":5}}},"2":{"name":"(anonymous_2)","decl":{"start":{"line":41,"column":36},"end":{"line":41,"column":37}},"loc":{"start":{"line":41,"column":48},"end":{"line":41,"column":63}}}},"branchMap":{"0":{"loc":{"start":{"line":19,"column":8},"end":{"line":25,"column":null}},"type":"if","locations":[{"start":{"line":19,"column":8},"end":{"line":25,"column":null}}]},"1":{"loc":{"start":{"line":27,"column":56},"end":{"line":27,"column":76}},"type":"binary-expr","locations":[{"start":{"line":27,"column":56},"end":{"line":27,"column":65}},{"start":{"line":27,"column":69},"end":{"line":27,"column":76}}]},"2":{"loc":{"start":{"line":30,"column":8},"end":{"line":37,"column":null}},"type":"if","locations":[{"start":{"line":30,"column":8},"end":{"line":37,"column":null}}]}},"s":{"0":11,"1":4,"2":4,"3":4,"4":3,"5":3,"6":1,"7":2,"8":2,"9":2,"10":0,"11":2,"12":2,"13":2,"14":2,"15":2,"16":11},"f":{"0":4,"1":3,"2":2},"b":{"0":[1],"1":[2,0],"2":[0]}}
,"D:\\Cursos - Programacao\\Programa Starter 9 edicao\\Banco de Dados III\\Atividades\\API-lista-recados-banco\\src\\app\\features\\recados\\usecase\\update.recados.usecase.ts": {"path":"D:\\Cursos - Programacao\\Programa Starter 9 edicao\\Banco de Dados III\\Atividades\\API-lista-recados-banco\\src\\app\\features\\recados\\usecase\\update.recados.usecase.ts","statementMap":{"0":{"start":{"line":14,"column":27},"end":{"line":14,"column":36}},"1":{"start":{"line":18,"column":16},"end":{"line":18,"column":57}},"2":{"start":{"line":19,"column":16},"end":{"line":19,"column":55}},"3":{"start":{"line":20,"column":16},"end":{"line":20,"column":46}},"4":{"start":{"line":23,"column":21},"end":{"line":23,"column":61}},"5":{"start":{"line":25,"column":8},"end":{"line":31,"column":null}},"6":{"start":{"line":26,"column":12},"end":{"line":30,"column":null}},"7":{"start":{"line":33,"column":23},"end":{"line":33,"column":55}},"8":{"start":{"line":35,"column":8},"end":{"line":41,"column":null}},"9":{"start":{"line":36,"column":12},"end":{"line":40,"column":null}},"10":{"start":{"line":43,"column":8},"end":{"line":43,"column":null}},"11":{"start":{"line":45,"column":8},"end":{"line":45,"column":42}},"12":{"start":{"line":47,"column":8},"end":{"line":47,"column":null}},"13":{"start":{"line":49,"column":8},"end":{"line":54,"column":null}},"14":{"start":{"line":58,"column":26},"end":{"line":58,"column":73}},"15":{"start":{"line":60,"column":8},"end":{"line":62,"column":null}},"16":{"start":{"line":61,"column":12},"end":{"line":61,"column":41}},"17":{"start":{"line":16,"column":0},"end":{"line":16,"column":13}}},"fnMap":{"0":{"name":"(anonymous_0)","decl":{"start":{"line":17,"column":4},"end":{"line":17,"column":null}},"loc":{"start":{"line":20,"column":46},"end":{"line":21,"column":7}}},"1":{"name":"(anonymous_1)","decl":{"start":{"line":22,"column":11},"end":{"line":22,"column":16}},"loc":{"start":{"line":22,"column":50},"end":{"line":55,"column":5}}},"2":{"name":"(anonymous_2)","decl":{"start":{"line":57,"column":11},"end":{"line":57,"column":16}},"loc":{"start":{"line":57,"column":37},"end":{"line":63,"column":5}}}},"branchMap":{"0":{"loc":{"start":{"line":25,"column":8},"end":{"line":31,"column":null}},"type":"if","locations":[{"start":{"line":25,"column":8},"end":{"line":31,"column":null}}]},"1":{"loc":{"start":{"line":35,"column":8},"end":{"line":41,"column":null}},"type":"if","locations":[{"start":{"line":35,"column":8},"end":{"line":41,"column":null}}]},"2":{"loc":{"start":{"line":43,"column":44},"end":{"line":43,"column":78}},"type":"binary-expr","locations":[{"start":{"line":43,"column":44},"end":{"line":43,"column":58}},{"start":{"line":43,"column":62},"end":{"line":43,"column":78}}]},"3":{"loc":{"start":{"line":43,"column":80},"end":{"line":43,"column":112}},"type":"binary-expr","locations":[{"start":{"line":43,"column":80},"end":{"line":43,"column":93}},{"start":{"line":43,"column":97},"end":{"line":43,"column":112}}]},"4":{"loc":{"start":{"line":43,"column":114},"end":{"line":43,"column":148}},"type":"binary-expr","locations":[{"start":{"line":43,"column":114},"end":{"line":43,"column":128}},{"start":{"line":43,"column":132},"end":{"line":43,"column":148}}]}},"s":{"0":11,"1":4,"2":4,"3":4,"4":3,"5":3,"6":1,"7":2,"8":2,"9":1,"10":1,"11":1,"12":1,"13":1,"14":1,"15":1,"16":3,"17":11},"f":{"0":4,"1":3,"2":1},"b":{"0":[1],"1":[1],"2":[1,0],"3":[1,1],"4":[1,1]}}
,"D:\\Cursos - Programacao\\Programa Starter 9 edicao\\Banco de Dados III\\Atividades\\API-lista-recados-banco\\src\\app\\features\\recados\\util\\recado.usecase.factory.ts": {"path":"D:\\Cursos - Programacao\\Programa Starter 9 edicao\\Banco de Dados III\\Atividades\\API-lista-recados-banco\\src\\app\\features\\recados\\util\\recado.usecase.factory.ts","statementMap":{"0":{"start":{"line":1,"column":0},"end":{"line":1,"column":88}},"1":{"start":{"line":2,"column":0},"end":{"line":2,"column":70}},"2":{"start":{"line":3,"column":0},"end":{"line":3,"column":64}},"3":{"start":{"line":4,"column":0},"end":{"line":4,"column":72}},"4":{"start":{"line":5,"column":0},"end":{"line":5,"column":72}},"5":{"start":{"line":6,"column":0},"end":{"line":6,"column":66}},"6":{"start":{"line":7,"column":0},"end":{"line":7,"column":68}},"7":{"start":{"line":8,"column":0},"end":{"line":8,"column":72}},"8":{"start":{"line":10,"column":40},"end":{"line":16,"column":1}},"9":{"start":{"line":11,"column":21},"end":{"line":11,"column":43}},"10":{"start":{"line":12,"column":25},"end":{"line":12,"column":43}},"11":{"start":{"line":13,"column":18},"end":{"line":13,"column":39}},"12":{"start":{"line":15,"column":4},"end":{"line":15,"column":null}},"13":{"start":{"line":10,"column":13},"end":{"line":10,"column":40}},"14":{"start":{"line":18,"column":42},"end":{"line":24,"column":1}},"15":{"start":{"line":19,"column":21},"end":{"line":19,"column":43}},"16":{"start":{"line":20,"column":25},"end":{"line":20,"column":43}},"17":{"start":{"line":21,"column":18},"end":{"line":21,"column":39}},"18":{"start":{"line":23,"column":4},"end":{"line":23,"column":null}},"19":{"start":{"line":18,"column":13},"end":{"line":18,"column":42}},"20":{"start":{"line":26,"column":43},"end":{"line":32,"column":1}},"21":{"start":{"line":27,"column":21},"end":{"line":27,"column":43}},"22":{"start":{"line":28,"column":25},"end":{"line":28,"column":43}},"23":{"start":{"line":29,"column":18},"end":{"line":29,"column":39}},"24":{"start":{"line":31,"column":4},"end":{"line":31,"column":null}},"25":{"start":{"line":26,"column":13},"end":{"line":26,"column":43}},"26":{"start":{"line":34,"column":43},"end":{"line":40,"column":1}},"27":{"start":{"line":35,"column":21},"end":{"line":35,"column":43}},"28":{"start":{"line":36,"column":25},"end":{"line":36,"column":43}},"29":{"start":{"line":37,"column":18},"end":{"line":37,"column":39}},"30":{"start":{"line":39,"column":4},"end":{"line":39,"column":null}},"31":{"start":{"line":34,"column":13},"end":{"line":34,"column":43}},"32":{"start":{"line":42,"column":40},"end":{"line":48,"column":1}},"33":{"start":{"line":43,"column":21},"end":{"line":43,"column":43}},"34":{"start":{"line":44,"column":25},"end":{"line":44,"column":43}},"35":{"start":{"line":45,"column":18},"end":{"line":45,"column":39}},"36":{"start":{"line":47,"column":4},"end":{"line":47,"column":null}},"37":{"start":{"line":42,"column":13},"end":{"line":42,"column":40}}},"fnMap":{"0":{"name":"(anonymous_0)","decl":{"start":{"line":10,"column":40},"end":{"line":10,"column":43}},"loc":{"start":{"line":10,"column":45},"end":{"line":16,"column":1}}},"1":{"name":"(anonymous_1)","decl":{"start":{"line":18,"column":42},"end":{"line":18,"column":45}},"loc":{"start":{"line":18,"column":47},"end":{"line":24,"column":1}}},"2":{"name":"(anonymous_2)","decl":{"start":{"line":26,"column":43},"end":{"line":26,"column":46}},"loc":{"start":{"line":26,"column":48},"end":{"line":32,"column":1}}},"3":{"name":"(anonymous_3)","decl":{"start":{"line":34,"column":43},"end":{"line":34,"column":46}},"loc":{"start":{"line":34,"column":48},"end":{"line":40,"column":1}}},"4":{"name":"(anonymous_4)","decl":{"start":{"line":42,"column":40},"end":{"line":42,"column":43}},"loc":{"start":{"line":42,"column":45},"end":{"line":48,"column":1}}}},"branchMap":{},"s":{"0":11,"1":11,"2":11,"3":11,"4":11,"5":11,"6":11,"7":11,"8":11,"9":4,"10":4,"11":4,"12":4,"13":11,"14":11,"15":2,"16":2,"17":2,"18":2,"19":11,"20":11,"21":4,"22":4,"23":4,"24":4,"25":11,"26":11,"27":4,"28":4,"29":4,"30":4,"31":11,"32":11,"33":5,"34":5,"35":5,"36":5,"37":11},"f":{"0":4,"1":2,"2":4,"3":4,"4":5},"b":{}}
,"D:\\Cursos - Programacao\\Programa Starter 9 edicao\\Banco de Dados III\\Atividades\\API-lista-recados-banco\\src\\app\\features\\recados\\validators\\create.recados.validator.ts": {"path":"D:\\Cursos - Programacao\\Programa Starter 9 edicao\\Banco de Dados III\\Atividades\\API-lista-recados-banco\\src\\app\\features\\recados\\validators\\create.recados.validator.ts","statementMap":{"0":{"start":{"line":2,"column":0},"end":{"line":2,"column":68}},"1":{"start":{"line":3,"column":0},"end":{"line":3,"column":65}},"2":{"start":{"line":7,"column":8},"end":{"line":21,"column":null}},"3":{"start":{"line":8,"column":44},"end":{"line":8,"column":52}},"4":{"start":{"line":10,"column":12},"end":{"line":12,"column":null}},"5":{"start":{"line":11,"column":16},"end":{"line":11,"column":null}},"6":{"start":{"line":14,"column":12},"end":{"line":16,"column":null}},"7":{"start":{"line":15,"column":16},"end":{"line":15,"column":null}},"8":{"start":{"line":18,"column":12},"end":{"line":18,"column":19}},"9":{"start":{"line":20,"column":12},"end":{"line":20,"column":56}},"10":{"start":{"line":5,"column":0},"end":{"line":5,"column":13}}},"fnMap":{"0":{"name":"(anonymous_0)","decl":{"start":{"line":6,"column":11},"end":{"line":6,"column":17}},"loc":{"start":{"line":6,"column":80},"end":{"line":22,"column":5}}}},"branchMap":{"0":{"loc":{"start":{"line":10,"column":12},"end":{"line":12,"column":null}},"type":"if","locations":[{"start":{"line":10,"column":12},"end":{"line":12,"column":null}}]},"1":{"loc":{"start":{"line":14,"column":12},"end":{"line":16,"column":null}},"type":"if","locations":[{"start":{"line":14,"column":12},"end":{"line":16,"column":null}}]}},"s":{"0":11,"1":11,"2":4,"3":4,"4":4,"5":1,"6":3,"7":1,"8":2,"9":0,"10":11},"f":{"0":4},"b":{"0":[1],"1":[1]}}
,"D:\\Cursos - Programacao\\Programa Starter 9 edicao\\Banco de Dados III\\Atividades\\API-lista-recados-banco\\src\\app\\features\\user\\controller\\user.controller.ts": {"path":"D:\\Cursos - Programacao\\Programa Starter 9 edicao\\Banco de Dados III\\Atividades\\API-lista-recados-banco\\src\\app\\features\\user\\controller\\user.controller.ts","statementMap":{"0":{"start":{"line":2,"column":0},"end":{"line":2,"column":65}},"1":{"start":{"line":3,"column":0},"end":{"line":3,"column":null}},"2":{"start":{"line":13,"column":8},"end":{"line":25,"column":null}},"3":{"start":{"line":14,"column":40},"end":{"line":14,"column":49}},"4":{"start":{"line":16,"column":28},"end":{"line":16,"column":52}},"5":{"start":{"line":17,"column":27},"end":{"line":20,"column":14}},"6":{"start":{"line":22,"column":12},"end":{"line":22,"column":null}},"7":{"start":{"line":24,"column":12},"end":{"line":24,"column":null}},"8":{"start":{"line":29,"column":8},"end":{"line":38,"column":null}},"9":{"start":{"line":30,"column":27},"end":{"line":30,"column":37}},"10":{"start":{"line":32,"column":28},"end":{"line":32,"column":51}},"11":{"start":{"line":33,"column":27},"end":{"line":33,"column":52}},"12":{"start":{"line":35,"column":12},"end":{"line":35,"column":null}},"13":{"start":{"line":37,"column":12},"end":{"line":37,"column":null}},"14":{"start":{"line":42,"column":8},"end":{"line":56,"column":null}},"15":{"start":{"line":43,"column":50},"end":{"line":43,"column":58}},"16":{"start":{"line":45,"column":28},"end":{"line":45,"column":54}},"17":{"start":{"line":46,"column":27},"end":{"line":50,"column":14}},"18":{"start":{"line":52,"column":12},"end":{"line":52,"column":null}},"19":{"start":{"line":55,"column":12},"end":{"line":55,"column":null}},"20":{"start":{"line":60,"column":8},"end":{"line":69,"column":null}},"21":{"start":{"line":61,"column":27},"end":{"line":61,"column":37}},"22":{"start":{"line":63,"column":28},"end":{"line":63,"column":54}},"23":{"start":{"line":64,"column":27},"end":{"line":64,"column":52}},"24":{"start":{"line":66,"column":12},"end":{"line":66,"column":null}},"25":{"start":{"line":68,"column":12},"end":{"line":68,"column":null}},"26":{"start":{"line":73,"column":8},"end":{"line":88,"column":null}},"27":{"start":{"line":74,"column":27},"end":{"line":74,"column":37}},"28":{"start":{"line":75,"column":49},"end":{"line":75,"column":57}},"29":{"start":{"line":77,"column":28},"end":{"line":77,"column":50}},"30":{"start":{"line":78,"column":27},"end":{"line":83,"column":14}},"31":{"start":{"line":85,"column":12},"end":{"line":85,"column":null}},"32":{"start":{"line":87,"column":12},"end":{"line":87,"column":null}},"33":{"start":{"line":11,"column":0},"end":{"line":11,"column":13}}},"fnMap":{"0":{"name":"(anonymous_0)","decl":{"start":{"line":12,"column":11},"end":{"line":12,"column":16}},"loc":{"start":{"line":12,"column":50},"end":{"line":26,"column":5}}},"1":{"name":"(anonymous_1)","decl":{"start":{"line":28,"column":11},"end":{"line":28,"column":16}},"loc":{"start":{"line":28,"column":49},"end":{"line":39,"column":5}}},"2":{"name":"(anonymous_2)","decl":{"start":{"line":41,"column":11},"end":{"line":41,"column":16}},"loc":{"start":{"line":41,"column":52},"end":{"line":57,"column":5}}},"3":{"name":"(anonymous_3)","decl":{"start":{"line":59,"column":11},"end":{"line":59,"column":16}},"loc":{"start":{"line":59,"column":52},"end":{"line":70,"column":5}}},"4":{"name":"(anonymous_4)","decl":{"start":{"line":72,"column":11},"end":{"line":72,"column":16}},"loc":{"start":{"line":72,"column":52},"end":{"line":89,"column":5}}}},"branchMap":{"0":{"loc":{"start":{"line":18,"column":26},"end":{"line":18,"column":57}},"type":"binary-expr","locations":[{"start":{"line":18,"column":26},"end":{"line":18,"column":44}},{"start":{"line":18,"column":48},"end":{"line":18,"column":57}}]},"1":{"loc":{"start":{"line":19,"column":23},"end":{"line":19,"column":52}},"type":"binary-expr","locations":[{"start":{"line":19,"column":23},"end":{"line":19,"column":38}},{"start":{"line":19,"column":43},"end":{"line":19,"column":52}}]}},"s":{"0":11,"1":11,"2":2,"3":2,"4":2,"5":2,"6":1,"7":1,"8":3,"9":3,"10":3,"11":3,"12":2,"13":1,"14":2,"15":2,"16":2,"17":2,"18":1,"19":1,"20":3,"21":3,"22":3,"23":3,"24":2,"25":1,"26":3,"27":3,"28":3,"29":3,"30":3,"31":2,"32":1,"33":11},"f":{"0":2,"1":3,"2":2,"3":3,"4":3},"b":{"0":[2,2],"1":[2,2]}}
,"D:\\Cursos - Programacao\\Programa Starter 9 edicao\\Banco de Dados III\\Atividades\\API-lista-recados-banco\\src\\app\\features\\user\\repositories\\user.repository.ts": {"path":"D:\\Cursos - Programacao\\Programa Starter 9 edicao\\Banco de Dados III\\Atividades\\API-lista-recados-banco\\src\\app\\features\\user\\repositories\\user.repository.ts","statementMap":{"0":{"start":{"line":1,"column":0},"end":{"line":1,"column":51}},"1":{"start":{"line":2,"column":0},"end":{"line":2,"column":82}},"2":{"start":{"line":3,"column":0},"end":{"line":3,"column":75}},"3":{"start":{"line":8,"column":25},"end":{"line":8,"column":80}},"4":{"start":{"line":11,"column":23},"end":{"line":16,"column":10}},"5":{"start":{"line":18,"column":8},"end":{"line":18,"column":null}},"6":{"start":{"line":20,"column":8},"end":{"line":20,"column":null}},"7":{"start":{"line":20,"column":42},"end":{"line":20,"column":71}},"8":{"start":{"line":24,"column":8},"end":{"line":29,"column":null}},"9":{"start":{"line":33,"column":23},"end":{"line":37,"column":10}},"10":{"start":{"line":39,"column":8},"end":{"line":41,"column":null}},"11":{"start":{"line":40,"column":12},"end":{"line":40,"column":null}},"12":{"start":{"line":43,"column":8},"end":{"line":43,"column":null}},"13":{"start":{"line":47,"column":27},"end":{"line":52,"column":10}},"14":{"start":{"line":54,"column":23},"end":{"line":54,"column":46}},"15":{"start":{"line":56,"column":8},"end":{"line":56,"column":null}},"16":{"start":{"line":61,"column":23},"end":{"line":63,"column":10}},"17":{"start":{"line":65,"column":8},"end":{"line":65,"column":null}},"18":{"start":{"line":69,"column":23},"end":{"line":75,"column":10}},"19":{"start":{"line":77,"column":8},"end":{"line":77,"column":null}},"20":{"start":{"line":81,"column":23},"end":{"line":85,"column":10}},"21":{"start":{"line":87,"column":8},"end":{"line":89,"column":null}},"22":{"start":{"line":88,"column":12},"end":{"line":88,"column":null}},"23":{"start":{"line":91,"column":8},"end":{"line":91,"column":null}},"24":{"start":{"line":95,"column":23},"end":{"line":98,"column":10}},"25":{"start":{"line":100,"column":8},"end":{"line":102,"column":null}},"26":{"start":{"line":101,"column":12},"end":{"line":101,"column":null}},"27":{"start":{"line":104,"column":8},"end":{"line":104,"column":null}},"28":{"start":{"line":6,"column":0},"end":{"line":6,"column":13}}},"fnMap":{"0":{"name":"(anonymous_0)","decl":{"start":{"line":10,"column":11},"end":{"line":10,"column":16}},"loc":{"start":{"line":10,"column":55},"end":{"line":21,"column":5}}},"1":{"name":"(anonymous_1)","decl":{"start":{"line":20,"column":27},"end":{"line":20,"column":28}},"loc":{"start":{"line":20,"column":42},"end":{"line":20,"column":71}}},"2":{"name":"(anonymous_2)","decl":{"start":{"line":23,"column":11},"end":{"line":23,"column":17}},"loc":{"start":{"line":23,"column":47},"end":{"line":30,"column":5}}},"3":{"name":"(anonymous_3)","decl":{"start":{"line":32,"column":11},"end":{"line":32,"column":16}},"loc":{"start":{"line":32,"column":32},"end":{"line":44,"column":5}}},"4":{"name":"(anonymous_4)","decl":{"start":{"line":46,"column":11},"end":{"line":46,"column":16}},"loc":{"start":{"line":46,"column":35},"end":{"line":57,"column":5}}},"5":{"name":"(anonymous_5)","decl":{"start":{"line":60,"column":11},"end":{"line":60,"column":16}},"loc":{"start":{"line":60,"column":35},"end":{"line":66,"column":5}}},"6":{"name":"(anonymous_6)","decl":{"start":{"line":68,"column":11},"end":{"line":68,"column":16}},"loc":{"start":{"line":68,"column":122},"end":{"line":78,"column":5}}},"7":{"name":"(anonymous_7)","decl":{"start":{"line":80,"column":11},"end":{"line":80,"column":16}},"loc":{"start":{"line":80,"column":54},"end":{"line":92,"column":5}}},"8":{"name":"(anonymous_8)","decl":{"start":{"line":94,"column":11},"end":{"line":94,"column":16}},"loc":{"start":{"line":94,"column":66},"end":{"line":105,"column":5}}}},"branchMap":{"0":{"loc":{"start":{"line":39,"column":8},"end":{"line":41,"column":null}},"type":"if","locations":[{"start":{"line":39,"column":8},"end":{"line":41,"column":null}}]},"1":{"loc":{"start":{"line":65,"column":15},"end":{"line":65,"column":35}},"type":"binary-expr","locations":[{"start":{"line":65,"column":15},"end":{"line":65,"column":30}},{"start":{"line":65,"column":34},"end":{"line":65,"column":35}}]},"2":{"loc":{"start":{"line":77,"column":15},"end":{"line":77,"column":35}},"type":"binary-expr","locations":[{"start":{"line":77,"column":15},"end":{"line":77,"column":30}},{"start":{"line":77,"column":34},"end":{"line":77,"column":35}}]},"3":{"loc":{"start":{"line":87,"column":8},"end":{"line":89,"column":null}},"type":"if","locations":[{"start":{"line":87,"column":8},"end":{"line":89,"column":null}}]},"4":{"loc":{"start":{"line":100,"column":8},"end":{"line":102,"column":null}},"type":"if","locations":[{"start":{"line":100,"column":8},"end":{"line":102,"column":null}}]}},"s":{"0":11,"1":11,"2":11,"3":37,"4":1,"5":1,"6":1,"7":1,"8":13,"9":16,"10":16,"11":6,"12":10,"13":1,"14":1,"15":1,"16":2,"17":2,"18":2,"19":2,"20":1,"21":1,"22":1,"23":0,"24":2,"25":2,"26":1,"27":1,"28":11},"f":{"0":1,"1":1,"2":13,"3":16,"4":1,"5":2,"6":2,"7":1,"8":2},"b":{"0":[6],"1":[2,0],"2":[2,0],"3":[1],"4":[1]}}
,"D:\\Cursos - Programacao\\Programa Starter 9 edicao\\Banco de Dados III\\Atividades\\API-lista-recados-banco\\src\\app\\features\\user\\routes\\user.routes.ts": {"path":"D:\\Cursos - Programacao\\Programa Starter 9 edicao\\Banco de Dados III\\Atividades\\API-lista-recados-banco\\src\\app\\features\\user\\routes\\user.routes.ts","statementMap":{"0":{"start":{"line":1,"column":0},"end":{"line":1,"column":33}},"1":{"start":{"line":2,"column":0},"end":{"line":2,"column":63}},"2":{"start":{"line":3,"column":0},"end":{"line":3,"column":74}},"3":{"start":{"line":5,"column":26},"end":{"line":24,"column":1}},"4":{"start":{"line":6,"column":16},"end":{"line":6,"column":24}},"5":{"start":{"line":9,"column":4},"end":{"line":9,"column":null}},"6":{"start":{"line":12,"column":4},"end":{"line":12,"column":null}},"7":{"start":{"line":15,"column":4},"end":{"line":15,"column":null}},"8":{"start":{"line":18,"column":4},"end":{"line":18,"column":null}},"9":{"start":{"line":21,"column":4},"end":{"line":21,"column":null}},"10":{"start":{"line":23,"column":4},"end":{"line":23,"column":null}},"11":{"start":{"line":5,"column":13},"end":{"line":5,"column":26}}},"fnMap":{"0":{"name":"(anonymous_0)","decl":{"start":{"line":5,"column":26},"end":{"line":5,"column":29}},"loc":{"start":{"line":5,"column":31},"end":{"line":24,"column":1}}}},"branchMap":{},"s":{"0":11,"1":11,"2":11,"3":11,"4":11,"5":11,"6":11,"7":11,"8":11,"9":11,"10":11,"11":11},"f":{"0":11},"b":{}}
,"D:\\Cursos - Programacao\\Programa Starter 9 edicao\\Banco de Dados III\\Atividades\\API-lista-recados-banco\\src\\app\\features\\user\\usecases\\create.user.usecase.ts": {"path":"D:\\Cursos - Programacao\\Programa Starter 9 edicao\\Banco de Dados III\\Atividades\\API-lista-recados-banco\\src\\app\\features\\user\\usecases\\create.user.usecase.ts","statementMap":{"0":{"start":{"line":1,"column":0},"end":{"line":1,"column":50}},"1":{"start":{"line":12,"column":28},"end":{"line":12,"column":35}},"2":{"start":{"line":16,"column":16},"end":{"line":16,"column":64}},"3":{"start":{"line":17,"column":16},"end":{"line":17,"column":54}},"4":{"start":{"line":18,"column":16},"end":{"line":18,"column":46}},"5":{"start":{"line":22,"column":26},"end":{"line":22,"column":73}},"6":{"start":{"line":24,"column":8},"end":{"line":30,"column":null}},"7":{"start":{"line":25,"column":12},"end":{"line":29,"column":null}},"8":{"start":{"line":32,"column":8},"end":{"line":38,"column":null}},"9":{"start":{"line":33,"column":12},"end":{"line":37,"column":null}},"10":{"start":{"line":40,"column":21},"end":{"line":43,"column":null}},"11":{"start":{"line":46,"column":23},"end":{"line":46,"column":55}},"12":{"start":{"line":48,"column":8},"end":{"line":48,"column":42}},"13":{"start":{"line":50,"column":8},"end":{"line":50,"column":null}},"14":{"start":{"line":52,"column":8},"end":{"line":57,"column":null}},"15":{"start":{"line":61,"column":26},"end":{"line":61,"column":74}},"16":{"start":{"line":63,"column":8},"end":{"line":65,"column":null}},"17":{"start":{"line":64,"column":12},"end":{"line":64,"column":41}},"18":{"start":{"line":14,"column":0},"end":{"line":14,"column":13}}},"fnMap":{"0":{"name":"(anonymous_0)","decl":{"start":{"line":15,"column":4},"end":{"line":15,"column":null}},"loc":{"start":{"line":18,"column":46},"end":{"line":19,"column":8}}},"1":{"name":"(anonymous_1)","decl":{"start":{"line":21,"column":11},"end":{"line":21,"column":16}},"loc":{"start":{"line":21,"column":48},"end":{"line":58,"column":5}}},"2":{"name":"(anonymous_2)","decl":{"start":{"line":60,"column":11},"end":{"line":60,"column":16}},"loc":{"start":{"line":60,"column":37},"end":{"line":66,"column":5}}}},"branchMap":{"0":{"loc":{"start":{"line":24,"column":8},"end":{"line":30,"column":null}},"type":"if","locations":[{"start":{"line":24,"column":8},"end":{"line":30,"column":null}}]},"1":{"loc":{"start":{"line":32,"column":8},"end":{"line":38,"column":null}},"type":"if","locations":[{"start":{"line":32,"column":8},"end":{"line":38,"column":null}}]}},"s":{"0":11,"1":11,"2":2,"3":2,"4":2,"5":1,"6":1,"7":0,"8":1,"9":0,"10":1,"11":1,"12":1,"13":1,"14":1,"15":1,"16":1,"17":1,"18":11},"f":{"0":2,"1":1,"2":1},"b":{"0":[0],"1":[0]}}
,"D:\\Cursos - Programacao\\Programa Starter 9 edicao\\Banco de Dados III\\Atividades\\API-lista-recados-banco\\src\\app\\features\\user\\usecases\\delete.user.usecase.ts": {"path":"D:\\Cursos - Programacao\\Programa Starter 9 edicao\\Banco de Dados III\\Atividades\\API-lista-recados-banco\\src\\app\\features\\user\\usecases\\delete.user.usecase.ts","statementMap":{"0":{"start":{"line":5,"column":28},"end":{"line":5,"column":35}},"1":{"start":{"line":9,"column":16},"end":{"line":9,"column":54}},"2":{"start":{"line":10,"column":16},"end":{"line":10,"column":46}},"3":{"start":{"line":14,"column":23},"end":{"line":14,"column":53}},"4":{"start":{"line":16,"column":8},"end":{"line":22,"column":null}},"5":{"start":{"line":17,"column":12},"end":{"line":21,"column":null}},"6":{"start":{"line":24,"column":8},"end":{"line":24,"column":42}},"7":{"start":{"line":26,"column":8},"end":{"line":26,"column":null}},"8":{"start":{"line":28,"column":8},"end":{"line":32,"column":null}},"9":{"start":{"line":36,"column":26},"end":{"line":36,"column":74}},"10":{"start":{"line":38,"column":8},"end":{"line":40,"column":null}},"11":{"start":{"line":39,"column":12},"end":{"line":39,"column":41}},"12":{"start":{"line":7,"column":0},"end":{"line":7,"column":13}}},"fnMap":{"0":{"name":"(anonymous_0)","decl":{"start":{"line":8,"column":4},"end":{"line":8,"column":null}},"loc":{"start":{"line":10,"column":46},"end":{"line":11,"column":8}}},"1":{"name":"(anonymous_1)","decl":{"start":{"line":13,"column":11},"end":{"line":13,"column":16}},"loc":{"start":{"line":13,"column":36},"end":{"line":33,"column":5}}},"2":{"name":"(anonymous_2)","decl":{"start":{"line":35,"column":11},"end":{"line":35,"column":16}},"loc":{"start":{"line":35,"column":37},"end":{"line":41,"column":5}}}},"branchMap":{"0":{"loc":{"start":{"line":16,"column":8},"end":{"line":22,"column":null}},"type":"if","locations":[{"start":{"line":16,"column":8},"end":{"line":22,"column":null}}]}},"s":{"0":11,"1":3,"2":3,"3":2,"4":2,"5":1,"6":1,"7":1,"8":1,"9":1,"10":1,"11":1,"12":11},"f":{"0":3,"1":2,"2":1},"b":{"0":[1]}}
,"D:\\Cursos - Programacao\\Programa Starter 9 edicao\\Banco de Dados III\\Atividades\\API-lista-recados-banco\\src\\app\\features\\user\\usecases\\get.user.usecase.ts": {"path":"D:\\Cursos - Programacao\\Programa Starter 9 edicao\\Banco de Dados III\\Atividades\\API-lista-recados-banco\\src\\app\\features\\user\\usecases\\get.user.usecase.ts","statementMap":{"0":{"start":{"line":6,"column":22},"end":{"line":6,"column":28}},"1":{"start":{"line":10,"column":16},"end":{"line":10,"column":51}},"2":{"start":{"line":11,"column":16},"end":{"line":11,"column":46}},"3":{"start":{"line":16,"column":28},"end":{"line":16,"column":76}},"4":{"start":{"line":18,"column":8},"end":{"line":25,"column":null}},"5":{"start":{"line":19,"column":12},"end":{"line":24,"column":null}},"6":{"start":{"line":27,"column":21},"end":{"line":27,"column":48}},"7":{"start":{"line":29,"column":8},"end":{"line":35,"column":null}},"8":{"start":{"line":30,"column":12},"end":{"line":34,"column":null}},"9":{"start":{"line":37,"column":23},"end":{"line":37,"column":37}},"10":{"start":{"line":39,"column":8},"end":{"line":39,"column":null}},"11":{"start":{"line":41,"column":8},"end":{"line":46,"column":null}},"12":{"start":{"line":8,"column":0},"end":{"line":8,"column":13}}},"fnMap":{"0":{"name":"(anonymous_0)","decl":{"start":{"line":9,"column":4},"end":{"line":9,"column":null}},"loc":{"start":{"line":11,"column":46},"end":{"line":12,"column":8}}},"1":{"name":"(anonymous_1)","decl":{"start":{"line":14,"column":11},"end":{"line":14,"column":16}},"loc":{"start":{"line":14,"column":36},"end":{"line":47,"column":5}}}},"branchMap":{"0":{"loc":{"start":{"line":18,"column":8},"end":{"line":25,"column":null}},"type":"if","locations":[{"start":{"line":18,"column":8},"end":{"line":25,"column":null}}]},"1":{"loc":{"start":{"line":29,"column":8},"end":{"line":35,"column":null}},"type":"if","locations":[{"start":{"line":29,"column":8},"end":{"line":35,"column":null}}]}},"s":{"0":11,"1":3,"2":3,"3":2,"4":2,"5":0,"6":2,"7":2,"8":1,"9":1,"10":1,"11":1,"12":11},"f":{"0":3,"1":2},"b":{"0":[0],"1":[1]}}
,"D:\\Cursos - Programacao\\Programa Starter 9 edicao\\Banco de Dados III\\Atividades\\API-lista-recados-banco\\src\\app\\features\\user\\usecases\\list.user.usecase.ts": {"path":"D:\\Cursos - Programacao\\Programa Starter 9 edicao\\Banco de Dados III\\Atividades\\API-lista-recados-banco\\src\\app\\features\\user\\usecases\\list.user.usecase.ts","statementMap":{"0":{"start":{"line":11,"column":28},"end":{"line":11,"column":35}},"1":{"start":{"line":15,"column":16},"end":{"line":15,"column":52}},"2":{"start":{"line":16,"column":16},"end":{"line":16,"column":46}},"3":{"start":{"line":20,"column":25},"end":{"line":20,"column":92}},"4":{"start":{"line":22,"column":28},"end":{"line":22,"column":71}},"5":{"start":{"line":24,"column":8},"end":{"line":31,"column":null}},"6":{"start":{"line":25,"column":12},"end":{"line":30,"column":null}},"7":{"start":{"line":33,"column":22},"end":{"line":33,"column":73}},"8":{"start":{"line":35,"column":24},"end":{"line":35,"column":59}},"9":{"start":{"line":35,"column":44},"end":{"line":35,"column":58}},"10":{"start":{"line":37,"column":8},"end":{"line":39,"column":null}},"11":{"start":{"line":38,"column":12},"end":{"line":38,"column":51}},"12":{"start":{"line":41,"column":8},"end":{"line":46,"column":null}},"13":{"start":{"line":13,"column":0},"end":{"line":13,"column":13}}},"fnMap":{"0":{"name":"(anonymous_0)","decl":{"start":{"line":14,"column":4},"end":{"line":14,"column":null}},"loc":{"start":{"line":16,"column":46},"end":{"line":17,"column":8}}},"1":{"name":"(anonymous_1)","decl":{"start":{"line":19,"column":11},"end":{"line":19,"column":16}},"loc":{"start":{"line":19,"column":46},"end":{"line":47,"column":5}}},"2":{"name":"(anonymous_2)","decl":{"start":{"line":35,"column":34},"end":{"line":35,"column":35}},"loc":{"start":{"line":35,"column":44},"end":{"line":35,"column":58}}}},"branchMap":{"0":{"loc":{"start":{"line":20,"column":51},"end":{"line":20,"column":70}},"type":"binary-expr","locations":[{"start":{"line":20,"column":51},"end":{"line":20,"column":64}},{"start":{"line":20,"column":68},"end":{"line":20,"column":70}}]},"1":{"loc":{"start":{"line":20,"column":74},"end":{"line":20,"column":90}},"type":"binary-expr","locations":[{"start":{"line":20,"column":74},"end":{"line":20,"column":84}},{"start":{"line":20,"column":88},"end":{"line":20,"column":90}}]},"2":{"loc":{"start":{"line":24,"column":8},"end":{"line":31,"column":null}},"type":"if","locations":[{"start":{"line":24,"column":8},"end":{"line":31,"column":null}}]},"3":{"loc":{"start":{"line":37,"column":8},"end":{"line":39,"column":null}},"type":"if","locations":[{"start":{"line":37,"column":8},"end":{"line":39,"column":null}}]}},"s":{"0":11,"1":2,"2":2,"3":1,"4":1,"5":1,"6":0,"7":1,"8":1,"9":1,"10":1,"11":1,"12":1,"13":11},"f":{"0":2,"1":1,"2":1},"b":{"0":[1,1],"1":[1,1],"2":[0],"3":[1]}}
,"D:\\Cursos - Programacao\\Programa Starter 9 edicao\\Banco de Dados III\\Atividades\\API-lista-recados-banco\\src\\app\\features\\user\\usecases\\update.user.usecase.ts": {"path":"D:\\Cursos - Programacao\\Programa Starter 9 edicao\\Banco de Dados III\\Atividades\\API-lista-recados-banco\\src\\app\\features\\user\\usecases\\update.user.usecase.ts","statementMap":{"0":{"start":{"line":12,"column":28},"end":{"line":12,"column":35}},"1":{"start":{"line":17,"column":16},"end":{"line":17,"column":38}},"2":{"start":{"line":18,"column":16},"end":{"line":18,"column":38}},"3":{"start":{"line":22,"column":26},"end":{"line":22,"column":68}},"4":{"start":{"line":24,"column":9},"end":{"line":30,"column":null}},"5":{"start":{"line":25,"column":13},"end":{"line":29,"column":null}},"6":{"start":{"line":32,"column":23},"end":{"line":32,"column":100}},"7":{"start":{"line":34,"column":8},"end":{"line":40,"column":null}},"8":{"start":{"line":35,"column":12},"end":{"line":39,"column":null}},"9":{"start":{"line":42,"column":8},"end":{"line":42,"column":42}},"10":{"start":{"line":44,"column":8},"end":{"line":44,"column":null}},"11":{"start":{"line":46,"column":8},"end":{"line":50,"column":null}},"12":{"start":{"line":54,"column":26},"end":{"line":54,"column":74}},"13":{"start":{"line":56,"column":8},"end":{"line":58,"column":null}},"14":{"start":{"line":57,"column":12},"end":{"line":57,"column":41}},"15":{"start":{"line":14,"column":0},"end":{"line":14,"column":13}}},"fnMap":{"0":{"name":"(anonymous_0)","decl":{"start":{"line":16,"column":4},"end":{"line":16,"column":null}},"loc":{"start":{"line":18,"column":38},"end":{"line":19,"column":8}}},"1":{"name":"(anonymous_1)","decl":{"start":{"line":21,"column":11},"end":{"line":21,"column":16}},"loc":{"start":{"line":21,"column":51},"end":{"line":51,"column":5}}},"2":{"name":"(anonymous_2)","decl":{"start":{"line":53,"column":11},"end":{"line":53,"column":16}},"loc":{"start":{"line":53,"column":37},"end":{"line":59,"column":5}}}},"branchMap":{"0":{"loc":{"start":{"line":24,"column":9},"end":{"line":30,"column":null}},"type":"if","locations":[{"start":{"line":24,"column":9},"end":{"line":30,"column":null}}]},"1":{"loc":{"start":{"line":34,"column":8},"end":{"line":40,"column":null}},"type":"if","locations":[{"start":{"line":34,"column":8},"end":{"line":40,"column":null}}]}},"s":{"0":11,"1":3,"2":3,"3":2,"4":2,"5":0,"6":2,"7":2,"8":1,"9":1,"10":1,"11":1,"12":1,"13":1,"14":0,"15":11},"f":{"0":3,"1":2,"2":1},"b":{"0":[0],"1":[1]}}
,"D:\\Cursos - Programacao\\Programa Starter 9 edicao\\Banco de Dados III\\Atividades\\API-lista-recados-banco\\src\\app\\features\\user\\util\\user.usecase.factory.ts": {"path":"D:\\Cursos - Programacao\\Programa Starter 9 edicao\\Banco de Dados III\\Atividades\\API-lista-recados-banco\\src\\app\\features\\user\\util\\user.usecase.factory.ts","statementMap":{"0":{"start":{"line":1,"column":0},"end":{"line":1,"column":88}},"1":{"start":{"line":2,"column":0},"end":{"line":2,"column":62}},"2":{"start":{"line":3,"column":0},"end":{"line":3,"column":67}},"3":{"start":{"line":4,"column":0},"end":{"line":4,"column":67}},"4":{"start":{"line":5,"column":0},"end":{"line":5,"column":61}},"5":{"start":{"line":6,"column":0},"end":{"line":6,"column":59}},"6":{"start":{"line":7,"column":0},"end":{"line":7,"column":67}},"7":{"start":{"line":9,"column":40},"end":{"line":15,"column":1}},"8":{"start":{"line":10,"column":24},"end":{"line":10,"column":42}},"9":{"start":{"line":11,"column":21},"end":{"line":11,"column":39}},"10":{"start":{"line":12,"column":18},"end":{"line":12,"column":39}},"11":{"start":{"line":14,"column":4},"end":{"line":14,"column":null}},"12":{"start":{"line":9,"column":13},"end":{"line":9,"column":40}},"13":{"start":{"line":17,"column":38},"end":{"line":22,"column":1}},"14":{"start":{"line":18,"column":21},"end":{"line":18,"column":40}},"15":{"start":{"line":19,"column":18},"end":{"line":19,"column":40}},"16":{"start":{"line":21,"column":4},"end":{"line":21,"column":null}},"17":{"start":{"line":17,"column":13},"end":{"line":17,"column":38}},"18":{"start":{"line":24,"column":40},"end":{"line":29,"column":1}},"19":{"start":{"line":25,"column":21},"end":{"line":25,"column":39}},"20":{"start":{"line":26,"column":18},"end":{"line":26,"column":39}},"21":{"start":{"line":28,"column":4},"end":{"line":28,"column":null}},"22":{"start":{"line":24,"column":13},"end":{"line":24,"column":40}},"23":{"start":{"line":31,"column":37},"end":{"line":36,"column":1}},"24":{"start":{"line":32,"column":21},"end":{"line":32,"column":39}},"25":{"start":{"line":33,"column":18},"end":{"line":33,"column":39}},"26":{"start":{"line":35,"column":4},"end":{"line":35,"column":null}},"27":{"start":{"line":31,"column":13},"end":{"line":31,"column":37}},"28":{"start":{"line":38,"column":36},"end":{"line":43,"column":1}},"29":{"start":{"line":39,"column":21},"end":{"line":39,"column":39}},"30":{"start":{"line":40,"column":18},"end":{"line":40,"column":39}},"31":{"start":{"line":42,"column":4},"end":{"line":42,"column":null}},"32":{"start":{"line":38,"column":13},"end":{"line":38,"column":36}}},"fnMap":{"0":{"name":"(anonymous_0)","decl":{"start":{"line":9,"column":40},"end":{"line":9,"column":43}},"loc":{"start":{"line":9,"column":45},"end":{"line":15,"column":1}}},"1":{"name":"(anonymous_1)","decl":{"start":{"line":17,"column":38},"end":{"line":17,"column":41}},"loc":{"start":{"line":17,"column":43},"end":{"line":22,"column":1}}},"2":{"name":"(anonymous_2)","decl":{"start":{"line":24,"column":40},"end":{"line":24,"column":43}},"loc":{"start":{"line":24,"column":45},"end":{"line":29,"column":1}}},"3":{"name":"(anonymous_3)","decl":{"start":{"line":31,"column":37},"end":{"line":31,"column":40}},"loc":{"start":{"line":31,"column":42},"end":{"line":36,"column":1}}},"4":{"name":"(anonymous_4)","decl":{"start":{"line":38,"column":36},"end":{"line":38,"column":39}},"loc":{"start":{"line":38,"column":41},"end":{"line":43,"column":1}}}},"branchMap":{},"s":{"0":11,"1":11,"2":11,"3":11,"4":11,"5":11,"6":11,"7":11,"8":2,"9":2,"10":2,"11":2,"12":11,"13":11,"14":2,"15":2,"16":2,"17":11,"18":11,"19":3,"20":3,"21":3,"22":11,"23":11,"24":3,"25":3,"26":3,"27":11,"28":11,"29":3,"30":3,"31":3,"32":11},"f":{"0":2,"1":2,"2":3,"3":3,"4":3},"b":{}}
,"D:\\Cursos - Programacao\\Programa Starter 9 edicao\\Banco de Dados III\\Atividades\\API-lista-recados-banco\\src\\app\\features\\user\\validators\\create.user.validator.ts": {"path":"D:\\Cursos - Programacao\\Programa Starter 9 edicao\\Banco de Dados III\\Atividades\\API-lista-recados-banco\\src\\app\\features\\user\\validators\\create.user.validator.ts","statementMap":{"0":{"start":{"line":2,"column":0},"end":{"line":2,"column":65}},"1":{"start":{"line":3,"column":0},"end":{"line":3,"column":68}},"2":{"start":{"line":6,"column":8},"end":{"line":24,"column":null}},"3":{"start":{"line":7,"column":50},"end":{"line":7,"column":58}},"4":{"start":{"line":9,"column":12},"end":{"line":11,"column":null}},"5":{"start":{"line":10,"column":16},"end":{"line":10,"column":null}},"6":{"start":{"line":13,"column":12},"end":{"line":15,"column":null}},"7":{"start":{"line":14,"column":16},"end":{"line":14,"column":null}},"8":{"start":{"line":17,"column":12},"end":{"line":19,"column":null}},"9":{"start":{"line":18,"column":16},"end":{"line":18,"column":null}},"10":{"start":{"line":21,"column":12},"end":{"line":21,"column":19}},"11":{"start":{"line":23,"column":12},"end":{"line":23,"column":56}},"12":{"start":{"line":4,"column":0},"end":{"line":4,"column":13}}},"fnMap":{"0":{"name":"(anonymous_0)","decl":{"start":{"line":5,"column":11},"end":{"line":5,"column":17}},"loc":{"start":{"line":5,"column":80},"end":{"line":25,"column":5}}}},"branchMap":{"0":{"loc":{"start":{"line":9,"column":12},"end":{"line":11,"column":null}},"type":"if","locations":[{"start":{"line":9,"column":12},"end":{"line":11,"column":null}}]},"1":{"loc":{"start":{"line":13,"column":12},"end":{"line":15,"column":null}},"type":"if","locations":[{"start":{"line":13,"column":12},"end":{"line":15,"column":null}}]},"2":{"loc":{"start":{"line":17,"column":12},"end":{"line":19,"column":null}},"type":"if","locations":[{"start":{"line":17,"column":12},"end":{"line":19,"column":null}}]}},"s":{"0":11,"1":11,"2":5,"3":5,"4":5,"5":1,"6":4,"7":1,"8":3,"9":1,"10":2,"11":0,"12":11},"f":{"0":5},"b":{"0":[1],"1":[1],"2":[1]}}
,"D:\\Cursos - Programacao\\Programa Starter 9 edicao\\Banco de Dados III\\Atividades\\API-lista-recados-banco\\src\\app\\models\\recados.model.ts": {"path":"D:\\Cursos - Programacao\\Programa Starter 9 edicao\\Banco de Dados III\\Atividades\\API-lista-recados-banco\\src\\app\\models\\recados.model.ts","statementMap":{"0":{"start":{"line":1,"column":0},"end":{"line":1,"column":40}},"1":{"start":{"line":7,"column":13},"end":{"line":7,"column":31}},"2":{"start":{"line":8,"column":13},"end":{"line":8,"column":30}},"3":{"start":{"line":9,"column":13},"end":{"line":9,"column":35}},"4":{"start":{"line":11,"column":6},"end":{"line":11,"column":null}},"5":{"start":{"line":15,"column":6},"end":{"line":15,"column":null}},"6":{"start":{"line":19,"column":6},"end":{"line":19,"column":null}},"7":{"start":{"line":23,"column":6},"end":{"line":23,"column":null}},"8":{"start":{"line":27,"column":6},"end":{"line":27,"column":null}},"9":{"start":{"line":31,"column":6},"end":{"line":31,"column":null}},"10":{"start":{"line":35,"column":6},"end":{"line":35,"column":null}},"11":{"start":{"line":39,"column":6},"end":{"line":39,"column":null}},"12":{"start":{"line":43,"column":21},"end":{"line":43,"column":64}},"13":{"start":{"line":45,"column":6},"end":{"line":45,"column":null}},"14":{"start":{"line":47,"column":6},"end":{"line":47,"column":null}},"15":{"start":{"line":51,"column":6},"end":{"line":56,"column":null}},"16":{"start":{"line":3,"column":0},"end":{"line":3,"column":13}}},"fnMap":{"0":{"name":"(anonymous_0)","decl":{"start":{"line":6,"column":3},"end":{"line":6,"column":null}},"loc":{"start":{"line":9,"column":40},"end":{"line":12,"column":4}}},"1":{"name":"(anonymous_1)","decl":{"start":{"line":14,"column":3},"end":{"line":14,"column":14}},"loc":{"start":{"line":14,"column":16},"end":{"line":16,"column":4}}},"2":{"name":"(anonymous_2)","decl":{"start":{"line":18,"column":3},"end":{"line":18,"column":14}},"loc":{"start":{"line":18,"column":23},"end":{"line":20,"column":4}}},"3":{"name":"(anonymous_3)","decl":{"start":{"line":22,"column":3},"end":{"line":22,"column":14}},"loc":{"start":{"line":22,"column":22},"end":{"line":24,"column":4}}},"4":{"name":"(anonymous_4)","decl":{"start":{"line":26,"column":3},"end":{"line":26,"column":14}},"loc":{"start":{"line":26,"column":23},"end":{"line":28,"column":4}}},"5":{"name":"(anonymous_5)","decl":{"start":{"line":30,"column":3},"end":{"line":30,"column":14}},"loc":{"start":{"line":30,"column":42},"end":{"line":32,"column":4}}},"6":{"name":"(anonymous_6)","decl":{"start":{"line":34,"column":3},"end":{"line":34,"column":14}},"loc":{"start":{"line":34,"column":40},"end":{"line":36,"column":4}}},"7":{"name":"(anonymous_7)","decl":{"start":{"line":38,"column":3},"end":{"line":38,"column":14}},"loc":{"start":{"line":38,"column":43},"end":{"line":40,"column":4}}},"8":{"name":"(anonymous_8)","decl":{"start":{"line":42,"column":10},"end":{"line":42,"column":16}},"loc":{"start":{"line":42,"column":92},"end":{"line":48,"column":4}}},"9":{"name":"(anonymous_9)","decl":{"start":{"line":50,"column":10},"end":{"line":50,"column":16}},"loc":{"start":{"line":50,"column":16},"end":{"line":57,"column":4}}}},"branchMap":{"0":{"loc":{"start":{"line":9,"column":13},"end":{"line":9,"column":40}},"type":"default-arg","locations":[{"start":{"line":9,"column":35},"end":{"line":9,"column":40}}]}},"s":{"0":11,"1":11,"2":11,"3":11,"4":11,"5":10,"6":6,"7":7,"8":1,"9":0,"10":0,"11":0,"12":5,"13":5,"14":5,"15":4,"16":11},"f":{"0":11,"1":10,"2":6,"3":7,"4":1,"5":0,"6":0,"7":0,"8":5,"9":4},"b":{"0":[6]}}
,"D:\\Cursos - Programacao\\Programa Starter 9 edicao\\Banco de Dados III\\Atividades\\API-lista-recados-banco\\src\\app\\models\\user.models.ts": {"path":"D:\\Cursos - Programacao\\Programa Starter 9 edicao\\Banco de Dados III\\Atividades\\API-lista-recados-banco\\src\\app\\models\\user.models.ts","statementMap":{"0":{"start":{"line":1,"column":0},"end":{"line":1,"column":39}},"1":{"start":{"line":9,"column":16},"end":{"line":9,"column":33}},"2":{"start":{"line":10,"column":16},"end":{"line":10,"column":30}},"3":{"start":{"line":11,"column":16},"end":{"line":11,"column":33}},"4":{"start":{"line":12,"column":16},"end":{"line":12,"column":37}},"5":{"start":{"line":15,"column":8},"end":{"line":15,"column":null}},"6":{"start":{"line":16,"column":8},"end":{"line":16,"column":null}},"7":{"start":{"line":20,"column":8},"end":{"line":20,"column":null}},"8":{"start":{"line":24,"column":8},"end":{"line":24,"column":null}},"9":{"start":{"line":28,"column":8},"end":{"line":28,"column":null}},"10":{"start":{"line":32,"column":8},"end":{"line":32,"column":null}},"11":{"start":{"line":36,"column":8},"end":{"line":36,"column":null}},"12":{"start":{"line":40,"column":8},"end":{"line":40,"column":null}},"13":{"start":{"line":44,"column":8},"end":{"line":44,"column":null}},"14":{"start":{"line":48,"column":8},"end":{"line":48,"column":null}},"15":{"start":{"line":52,"column":8},"end":{"line":56,"column":null}},"16":{"start":{"line":60,"column":21},"end":{"line":60,"column":56}},"17":{"start":{"line":62,"column":8},"end":{"line":62,"column":null}},"18":{"start":{"line":64,"column":8},"end":{"line":64,"column":null}},"19":{"start":{"line":4,"column":0},"end":{"line":4,"column":13}}},"fnMap":{"0":{"name":"(anonymous_0)","decl":{"start":{"line":8,"column":4},"end":{"line":8,"column":null}},"loc":{"start":{"line":12,"column":37},"end":{"line":17,"column":5}}},"1":{"name":"(anonymous_1)","decl":{"start":{"line":19,"column":4},"end":{"line":19,"column":15}},"loc":{"start":{"line":19,"column":17},"end":{"line":21,"column":5}}},"2":{"name":"(anonymous_2)","decl":{"start":{"line":23,"column":4},"end":{"line":23,"column":15}},"loc":{"start":{"line":23,"column":22},"end":{"line":25,"column":5}}},"3":{"name":"(anonymous_3)","decl":{"start":{"line":27,"column":4},"end":{"line":27,"column":15}},"loc":{"start":{"line":27,"column":23},"end":{"line":29,"column":5}}},"4":{"name":"(anonymous_4)","decl":{"start":{"line":31,"column":4},"end":{"line":31,"column":15}},"loc":{"start":{"line":31,"column":20},"end":{"line":33,"column":5}}},"5":{"name":"(anonymous_5)","decl":{"start":{"line":35,"column":4},"end":{"line":35,"column":15}},"loc":{"start":{"line":35,"column":23},"end":{"line":37,"column":5}}},"6":{"name":"(anonymous_6)","decl":{"start":{"line":39,"column":4},"end":{"line":39,"column":15}},"loc":{"start":{"line":39,"column":41},"end":{"line":41,"column":5}}},"7":{"name":"(anonymous_7)","decl":{"start":{"line":43,"column":4},"end":{"line":43,"column":15}},"loc":{"start":{"line":43,"column":35},"end":{"line":45,"column":5}}},"8":{"name":"(anonymous_8)","decl":{"start":{"line":47,"column":4},"end":{"line":47,"column":15}},"loc":{"start":{"line":47,"column":41},"end":{"line":49,"column":5}}},"9":{"name":"(anonymous_9)","decl":{"start":{"line":51,"column":11},"end":{"line":51,"column":18}},"loc":{"start":{"line":51,"column":18},"end":{"line":57,"column":5}}},"10":{"name":"(anonymous_10)","decl":{"start":{"line":59,"column":11},"end":{"line":59,"column":17}},"loc":{"start":{"line":59,"column":87},"end":{"line":65,"column":5}}}},"branchMap":{},"s":{"0":11,"1":42,"2":42,"3":42,"4":42,"5":42,"6":42,"7":49,"8":0,"9":29,"10":30,"11":30,"12":0,"13":0,"14":0,"15":3,"16":13,"17":13,"18":13,"19":11},"f":{"0":42,"1":49,"2":0,"3":29,"4":30,"5":30,"6":0,"7":0,"8":0,"9":3,"10":13},"b":{}}
,"D:\\Cursos - Programacao\\Programa Starter 9 edicao\\Banco de Dados III\\Atividades\\API-lista-recados-banco\\src\\app\\shared\\database\\entities\\recados.entity.ts": {"path":"D:\\Cursos - Programacao\\Programa Starter 9 edicao\\Banco de Dados III\\Atividades\\API-lista-recados-banco\\src\\app\\shared\\database\\entities\\recados.entity.ts","statementMap":{"0":{"start":{"line":1,"column":0},"end":{"line":1,"column":151}},"1":{"start":{"line":2,"column":0},"end":{"line":2,"column":43}},"2":{"start":{"line":7,"column":0},"end":{"line":44,"column":null}},"3":{"start":{"line":9,"column":4},"end":{"line":9,"column":null}},"4":{"start":{"line":12,"column":4},"end":{"line":12,"column":null}},"5":{"start":{"line":15,"column":4},"end":{"line":15,"column":null}},"6":{"start":{"line":20,"column":4},"end":{"line":20,"column":null}},"7":{"start":{"line":25,"column":4},"end":{"line":25,"column":null}},"8":{"start":{"line":30,"column":4},"end":{"line":30,"column":null}},"9":{"start":{"line":35,"column":4},"end":{"line":35,"column":null}},"10":{"start":{"line":43,"column":4},"end":{"line":43,"column":null}},"11":{"start":{"line":37,"column":21},"end":{"line":37,"column":31}},"12":{"start":{"line":7,"column":13},"end":{"line":44,"column":null}},"13":{"start":{"line":7,"column":13},"end":{"line":7,"column":25}}},"fnMap":{"0":{"name":"(anonymous_2)","decl":{"start":{"line":37,"column":15},"end":{"line":37,"column":18}},"loc":{"start":{"line":37,"column":21},"end":{"line":37,"column":31}}}},"branchMap":{},"s":{"0":11,"1":11,"2":11,"3":11,"4":11,"5":11,"6":11,"7":11,"8":11,"9":11,"10":11,"11":11,"12":11,"13":11},"f":{"0":11},"b":{}}
,"D:\\Cursos - Programacao\\Programa Starter 9 edicao\\Banco de Dados III\\Atividades\\API-lista-recados-banco\\src\\app\\shared\\database\\entities\\user.entity.ts": {"path":"D:\\Cursos - Programacao\\Programa Starter 9 edicao\\Banco de Dados III\\Atividades\\API-lista-recados-banco\\src\\app\\shared\\database\\entities\\user.entity.ts","statementMap":{"0":{"start":{"line":1,"column":0},"end":{"line":1,"column":139}},"1":{"start":{"line":2,"column":0},"end":{"line":2,"column":48}},"2":{"start":{"line":7,"column":0},"end":{"line":36,"column":null}},"3":{"start":{"line":9,"column":6},"end":{"line":9,"column":null}},"4":{"start":{"line":12,"column":4},"end":{"line":12,"column":null}},"5":{"start":{"line":17,"column":4},"end":{"line":17,"column":null}},"6":{"start":{"line":20,"column":4},"end":{"line":20,"column":null}},"7":{"start":{"line":25,"column":4},"end":{"line":25,"column":null}},"8":{"start":{"line":30,"column":4},"end":{"line":30,"column":null}},"9":{"start":{"line":35,"column":4},"end":{"line":35,"column":null}},"10":{"start":{"line":32,"column":21},"end":{"line":32,"column":33}},"11":{"start":{"line":32,"column":47},"end":{"line":32,"column":58}},"12":{"start":{"line":7,"column":13},"end":{"line":36,"column":null}},"13":{"start":{"line":7,"column":13},"end":{"line":7,"column":23}}},"fnMap":{"0":{"name":"(anonymous_2)","decl":{"start":{"line":32,"column":15},"end":{"line":32,"column":18}},"loc":{"start":{"line":32,"column":21},"end":{"line":32,"column":33}}},"1":{"name":"(anonymous_3)","decl":{"start":{"line":32,"column":35},"end":{"line":32,"column":36}},"loc":{"start":{"line":32,"column":47},"end":{"line":32,"column":58}}}},"branchMap":{},"s":{"0":11,"1":11,"2":11,"3":11,"4":11,"5":11,"6":11,"7":11,"8":11,"9":11,"10":11,"11":11,"12":11,"13":11},"f":{"0":11,"1":11},"b":{}}
,"D:\\Cursos - Programacao\\Programa Starter 9 edicao\\Banco de Dados III\\Atividades\\API-lista-recados-banco\\src\\app\\shared\\database\\repositories\\cache.repository.ts": {"path":"D:\\Cursos - Programacao\\Programa Starter 9 edicao\\Banco de Dados III\\Atividades\\API-lista-recados-banco\\src\\app\\shared\\database\\repositories\\cache.repository.ts","statementMap":{"0":{"start":{"line":2,"column":0},"end":{"line":2,"column":77}},"1":{"start":{"line":6,"column":32},"end":{"line":6,"column":58}},"2":{"start":{"line":9,"column":23},"end":{"line":9,"column":53}},"3":{"start":{"line":11,"column":8},"end":{"line":13,"column":null}},"4":{"start":{"line":12,"column":12},"end":{"line":12,"column":null}},"5":{"start":{"line":15,"column":8},"end":{"line":15,"column":null}},"6":{"start":{"line":19,"column":8},"end":{"line":19,"column":null}},"7":{"start":{"line":23,"column":8},"end":{"line":23,"column":39}},"8":{"start":{"line":27,"column":8},"end":{"line":27,"column":51}},"9":{"start":{"line":5,"column":0},"end":{"line":5,"column":13}}},"fnMap":{"0":{"name":"(anonymous_0)","decl":{"start":{"line":8,"column":11},"end":{"line":8,"column":16}},"loc":{"start":{"line":8,"column":35},"end":{"line":16,"column":5}}},"1":{"name":"(anonymous_1)","decl":{"start":{"line":18,"column":11},"end":{"line":18,"column":16}},"loc":{"start":{"line":18,"column":44},"end":{"line":20,"column":5}}},"2":{"name":"(anonymous_2)","decl":{"start":{"line":22,"column":11},"end":{"line":22,"column":16}},"loc":{"start":{"line":22,"column":35},"end":{"line":24,"column":5}}},"3":{"name":"(anonymous_3)","decl":{"start":{"line":26,"column":11},"end":{"line":26,"column":16}},"loc":{"start":{"line":26,"column":37},"end":{"line":28,"column":5}}}},"branchMap":{"0":{"loc":{"start":{"line":11,"column":8},"end":{"line":13,"column":null}},"type":"if","locations":[{"start":{"line":11,"column":8},"end":{"line":13,"column":null}}]}},"s":{"0":11,"1":32,"2":1,"3":1,"4":1,"5":0,"6":5,"7":11,"8":6,"9":11},"f":{"0":1,"1":5,"2":11,"3":6},"b":{"0":[1]}}
,"D:\\Cursos - Programacao\\Programa Starter 9 edicao\\Banco de Dados III\\Atividades\\API-lista-recados-banco\\src\\app\\shared\\errors\\request.error.ts": {"path":"D:\\Cursos - Programacao\\Programa Starter 9 edicao\\Banco de Dados III\\Atividades\\API-lista-recados-banco\\src\\app\\shared\\errors\\request.error.ts","statementMap":{"0":{"start":{"line":5,"column":8},"end":{"line":8,"column":null}},"1":{"start":{"line":12,"column":8},"end":{"line":15,"column":null}},"2":{"start":{"line":3,"column":0},"end":{"line":3,"column":13}}},"fnMap":{"0":{"name":"(anonymous_0)","decl":{"start":{"line":4,"column":11},"end":{"line":4,"column":17}},"loc":{"start":{"line":4,"column":64},"end":{"line":9,"column":5}}},"1":{"name":"(anonymous_1)","decl":{"start":{"line":11,"column":11},"end":{"line":11,"column":17}},"loc":{"start":{"line":11,"column":62},"end":{"line":16,"column":5}}}},"branchMap":{},"s":{"0":5,"1":0,"2":11},"f":{"0":5,"1":0},"b":{}}
,"D:\\Cursos - Programacao\\Programa Starter 9 edicao\\Banco de Dados III\\Atividades\\API-lista-recados-banco\\src\\app\\shared\\errors\\serverError.ts": {"path":"D:\\Cursos - Programacao\\Programa Starter 9 edicao\\Banco de Dados III\\Atividades\\API-lista-recados-banco\\src\\app\\shared\\errors\\serverError.ts","statementMap":{"0":{"start":{"line":6,"column":8},"end":{"line":9,"column":null}},"1":{"start":{"line":4,"column":0},"end":{"line":4,"column":13}}},"fnMap":{"0":{"name":"(anonymous_0)","decl":{"start":{"line":5,"column":11},"end":{"line":5,"column":17}},"loc":{"start":{"line":5,"column":57},"end":{"line":10,"column":5}}}},"branchMap":{},"s":{"0":12,"1":11},"f":{"0":12},"b":{}}
,"D:\\Cursos - Programacao\\Programa Starter 9 edicao\\Banco de Dados III\\Atividades\\API-lista-recados-banco\\src\\app\\shared\\utils\\jwtadapter.ts": {"path":"D:\\Cursos - Programacao\\Programa Starter 9 edicao\\Banco de Dados III\\Atividades\\API-lista-recados-banco\\src\\app\\shared\\utils\\jwtadapter.ts","statementMap":{"0":{"start":{"line":1,"column":0},"end":{"line":1,"column":32}},"1":{"start":{"line":2,"column":0},"end":{"line":2,"column":45}},"2":{"start":{"line":12,"column":8},"end":{"line":12,"column":null}},"3":{"start":{"line":16,"column":8},"end":{"line":16,"column":null}},"4":{"start":{"line":7,"column":0},"end":{"line":7,"column":13}}},"fnMap":{"0":{"name":"(anonymous_1)","decl":{"start":{"line":8,"column":11},"end":{"line":8,"column":17}},"loc":{"start":{"line":8,"column":40},"end":{"line":13,"column":5}}},"1":{"name":"(anonymous_2)","decl":{"start":{"line":15,"column":11},"end":{"line":15,"column":17}},"loc":{"start":{"line":15,"column":43},"end":{"line":17,"column":5}}}},"branchMap":{},"s":{"0":11,"1":11,"2":21,"3":19,"4":11},"f":{"0":21,"1":19},"b":{}}
}
