TN:
SF:src\app\envs\auth.env.ts
FNF:0
FNH:0
DA:1,11
DA:2,11
DA:4,11
LF:3
LH:3
BRF:0
BRH:0
end_of_record
TN:
SF:src\app\envs\database.env.ts
FNF:0
FNH:0
DA:1,11
DA:2,11
DA:4,11
LF:3
LH:3
BRF:0
BRH:0
end_of_record
TN:
SF:src\app\envs\redis.env.ts
FNF:0
FNH:0
DA:1,11
DA:2,11
DA:4,11
LF:3
LH:3
BRF:0
BRH:0
end_of_record
TN:
SF:src\app\envs\server.env.ts
FNF:0
FNH:0
DA:1,1
DA:2,1
DA:4,1
LF:3
LH:3
BRF:0
BRH:0
end_of_record
TN:
SF:src\app\features\login\controllers\login.controller.ts
FN:6,(anonymous_0)
FNF:1
FNH:1
FNDA:3,(anonymous_0)
DA:2,11
DA:3,11
DA:5,11
DA:7,3
DA:8,3
DA:10,3
DA:11,3
DA:16,2
DA:18,1
LF:9
LH:9
BRF:0
BRH:0
end_of_record
TN:
SF:src\app\features\login\routes\login.routes.ts
FN:5,(anonymous_0)
FNF:1
FNH:1
FNDA:11,(anonymous_0)
DA:1,11
DA:2,11
DA:5,11
DA:6,11
DA:8,11
DA:10,11
LF:6
LH:6
BRF:0
BRH:0
end_of_record
TN:
SF:src\app\features\login\usecase\login.usecase.ts
FN:11,(anonymous_0)
FN:15,(anonymous_1)
FNF:2
FNH:2
FNDA:3,(anonymous_0)
FNDA:2,(anonymous_1)
DA:1,11
DA:10,11
DA:12,3
DA:16,2
DA:18,2
DA:19,1
DA:26,1
DA:28,1
LF:8
LH:8
BRDA:18,0,0,1
BRF:1
BRH:1
end_of_record
TN:
SF:src\app\features\login\util\login.usecase.factory.ts
FN:4,(anonymous_0)
FNF:1
FNH:1
FNDA:3,(anonymous_0)
DA:1,11
DA:2,11
DA:4,11
DA:5,3
DA:7,3
LF:5
LH:5
BRF:0
BRH:0
end_of_record
TN:
SF:src\app\features\login\validators\check.login.validator.ts
FN:5,(anonymous_0)
FNF:1
FNH:1
FNDA:21,(anonymous_0)
DA:2,11
DA:3,11
DA:5,11
DA:6,21
DA:7,21
DA:8,21
DA:10,21
DA:11,1
DA:17,20
DA:18,19
DA:20,19
DA:22,1
LF:12
LH:12
BRDA:10,0,0,1
BRF:1
BRH:1
end_of_record
TN:
SF:src\app\features\recados\controller\recado.controller.ts
FN:6,(anonymous_0)
FN:21,(anonymous_1)
FN:37,(anonymous_2)
FN:55,(anonymous_3)
FN:71,(anonymous_4)
FNF:5
FNH:5
FNDA:4,(anonymous_0)
FNDA:5,(anonymous_1)
FNDA:2,(anonymous_2)
FNDA:4,(anonymous_3)
FNDA:4,(anonymous_4)
DA:2,11
DA:3,11
DA:5,11
DA:7,4
DA:8,4
DA:9,4
DA:10,4
DA:12,4
DA:13,4
DA:15,3
DA:17,1
DA:22,5
DA:23,5
DA:25,5
DA:26,5
DA:31,4
DA:33,1
DA:38,2
DA:39,2
DA:40,2
DA:42,2
DA:43,2
DA:49,1
DA:51,1
DA:56,4
DA:57,4
DA:59,4
DA:60,4
DA:65,3
DA:67,1
DA:72,4
DA:73,4
DA:74,4
DA:76,4
DA:77,4
DA:85,3
DA:87,1
LF:37
LH:37
BRF:0
BRH:0
end_of_record
TN:
SF:src\app\features\recados\database\recado.repository.ts
FN:9,(anonymous_0)
FN:20,(anonymous_1)
FN:23,(anonymous_2)
FN:32,(anonymous_3)
FN:45,(anonymous_4)
FN:57,(anonymous_5)
FN:65,(anonymous_6)
FNF:7
FNH:7
FNDA:2,(anonymous_0)
FNDA:2,(anonymous_1)
FNDA:5,(anonymous_2)
FNDA:1,(anonymous_3)
FNDA:4,(anonymous_4)
FNDA:2,(anonymous_5)
FNDA:1,(anonymous_6)
DA:2,11
DA:3,11
DA:4,11
DA:6,11
DA:7,19
DA:10,2
DA:12,2
DA:13,2
DA:15,0
DA:18,2
DA:20,2
DA:24,5
DA:33,1
DA:40,1
DA:42,1
DA:46,4
DA:50,4
DA:51,2
DA:54,2
DA:58,2
DA:62,2
DA:66,1
DA:74,1
LF:23
LH:22
BRDA:12,0,0,2
BRDA:12,0,1,0
BRDA:50,1,0,2
BRDA:62,2,0,2
BRDA:62,2,1,0
BRDA:74,3,0,1
BRDA:74,3,1,0
BRF:7
BRH:4
end_of_record
TN:
SF:src\app\features\recados\routes\recados.routes.ts
FN:6,(anonymous_0)
FNF:1
FNH:1
FNDA:11,(anonymous_0)
DA:1,11
DA:2,11
DA:3,11
DA:4,11
DA:6,11
DA:7,11
DA:9,11
DA:11,11
DA:13,11
DA:15,11
DA:17,11
DA:19,11
LF:12
LH:12
BRF:0
BRH:0
end_of_record
TN:
SF:src\app\features\recados\usecase\create.recados.usecase.ts
FN:16,(anonymous_0)
FN:21,(anonymous_1)
FN:49,(anonymous_2)
FNF:3
FNH:3
FNDA:2,(anonymous_0)
FNDA:1,(anonymous_1)
FNDA:1,(anonymous_2)
DA:1,11
DA:13,11
DA:15,11
DA:17,2
DA:18,2
DA:19,2
DA:22,1
DA:24,1
DA:26,1
DA:27,0
DA:34,1
DA:35,1
DA:37,1
DA:39,1
DA:41,1
DA:50,1
DA:52,1
DA:53,0
LF:18
LH:16
BRDA:26,0,0,0
BRF:1
BRH:0
end_of_record
TN:
SF:src\app\features\recados\usecase\delete.recados.usecase.ts
FN:14,(anonymous_0)
FN:20,(anonymous_1)
FN:53,(anonymous_2)
FNF:3
FNH:3
FNDA:4,(anonymous_0)
FNDA:3,(anonymous_1)
FNDA:1,(anonymous_2)
DA:11,11
DA:13,11
DA:15,4
DA:16,4
DA:17,4
DA:21,3
DA:23,3
DA:24,1
DA:31,2
DA:33,2
DA:34,1
DA:41,1
DA:43,1
DA:45,1
DA:54,1
DA:56,1
DA:57,0
LF:17
LH:16
BRDA:23,0,0,1
BRDA:33,1,0,1
BRF:2
BRH:2
end_of_record
TN:
SF:src\app\features\recados\usecase\get.recados.usecase.ts
FN:15,(anonymous_0)
FN:20,(anonymous_1)
FNF:2
FNH:2
FNDA:5,(anonymous_0)
FNDA:4,(anonymous_1)
DA:12,11
DA:14,11
DA:16,5
DA:17,5
DA:18,5
DA:21,4
DA:23,4
DA:24,2
DA:31,2
DA:33,2
DA:34,0
DA:42,2
DA:44,2
DA:45,1
DA:52,1
DA:54,1
LF:16
LH:15
BRDA:23,0,0,2
BRDA:33,1,0,0
BRDA:44,2,0,1
BRF:3
BRH:2
end_of_record
TN:
SF:src\app\features\recados\usecase\list.recados.usecase.ts
FN:11,(anonymous_0)
FN:16,(anonymous_1)
FN:41,(anonymous_2)
FNF:3
FNH:3
FNDA:4,(anonymous_0)
FNDA:3,(anonymous_1)
FNDA:2,(anonymous_2)
DA:8,11
DA:10,11
DA:12,4
DA:13,4
DA:14,4
DA:17,3
DA:19,3
DA:20,1
DA:27,2
DA:28,2
DA:30,2
DA:31,0
DA:39,2
DA:41,2
DA:43,2
DA:45,2
LF:16
LH:15
BRDA:19,0,0,1
BRDA:27,1,0,2
BRDA:27,1,1,0
BRDA:30,2,0,0
BRF:4
BRH:2
end_of_record
TN:
SF:src\app\features\recados\usecase\update.recados.usecase.ts
FN:17,(anonymous_0)
FN:22,(anonymous_1)
FN:57,(anonymous_2)
FNF:3
FNH:3
FNDA:4,(anonymous_0)
FNDA:3,(anonymous_1)
FNDA:1,(anonymous_2)
DA:14,11
DA:16,11
DA:18,4
DA:19,4
DA:20,4
DA:23,3
DA:25,3
DA:26,1
DA:33,2
DA:35,2
DA:36,1
DA:43,1
DA:45,1
DA:47,1
DA:49,1
DA:58,1
DA:60,1
DA:61,3
LF:18
LH:18
BRDA:25,0,0,1
BRDA:35,1,0,1
BRDA:43,2,0,1
BRDA:43,2,1,0
BRDA:43,3,0,1
BRDA:43,3,1,1
BRDA:43,4,0,1
BRDA:43,4,1,1
BRF:8
BRH:7
end_of_record
TN:
SF:src\app\features\recados\util\recado.usecase.factory.ts
FN:10,(anonymous_0)
FN:18,(anonymous_1)
FN:26,(anonymous_2)
FN:34,(anonymous_3)
FN:42,(anonymous_4)
FNF:5
FNH:5
FNDA:4,(anonymous_0)
FNDA:2,(anonymous_1)
FNDA:4,(anonymous_2)
FNDA:4,(anonymous_3)
FNDA:5,(anonymous_4)
DA:1,11
DA:2,11
DA:3,11
DA:4,11
DA:5,11
DA:6,11
DA:7,11
DA:8,11
DA:10,11
DA:11,4
DA:12,4
DA:13,4
DA:15,4
DA:18,11
DA:19,2
DA:20,2
DA:21,2
DA:23,2
DA:26,11
DA:27,4
DA:28,4
DA:29,4
DA:31,4
DA:34,11
DA:35,4
DA:36,4
DA:37,4
DA:39,4
DA:42,11
DA:43,5
DA:44,5
DA:45,5
DA:47,5
LF:33
LH:33
BRF:0
BRH:0
end_of_record
TN:
SF:src\app\features\recados\validators\create.recados.validator.ts
FN:6,(anonymous_0)
FNF:1
FNH:1
FNDA:4,(anonymous_0)
DA:2,11
DA:3,11
DA:5,11
DA:7,4
DA:8,4
DA:10,4
DA:11,1
DA:14,3
DA:15,1
DA:18,2
DA:20,0
LF:11
LH:10
BRDA:10,0,0,1
BRDA:14,1,0,1
BRF:2
BRH:2
end_of_record
TN:
SF:src\app\features\user\controller\user.controller.ts
FN:12,(anonymous_0)
FN:28,(anonymous_1)
FN:41,(anonymous_2)
FN:59,(anonymous_3)
FN:72,(anonymous_4)
FNF:5
FNH:5
FNDA:2,(anonymous_0)
FNDA:3,(anonymous_1)
FNDA:2,(anonymous_2)
FNDA:3,(anonymous_3)
FNDA:3,(anonymous_4)
DA:2,11
DA:3,11
DA:11,11
DA:13,2
DA:14,2
DA:16,2
DA:17,2
DA:22,1
DA:24,1
DA:29,3
DA:30,3
DA:32,3
DA:33,3
DA:35,2
DA:37,1
DA:42,2
DA:43,2
DA:45,2
DA:46,2
DA:52,1
DA:55,1
DA:60,3
DA:61,3
DA:63,3
DA:64,3
DA:66,2
DA:68,1
DA:73,3
DA:74,3
DA:75,3
DA:77,3
DA:78,3
DA:85,2
DA:87,1
LF:34
LH:34
BRDA:18,0,0,2
BRDA:18,0,1,2
BRDA:19,1,0,2
BRDA:19,1,1,2
BRF:4
BRH:4
end_of_record
TN:
SF:src\app\features\user\repositories\user.repository.ts
FN:10,(anonymous_0)
FN:20,(anonymous_1)
FN:23,(anonymous_2)
FN:32,(anonymous_3)
FN:46,(anonymous_4)
FN:60,(anonymous_5)
FN:68,(anonymous_6)
FN:80,(anonymous_7)
FN:94,(anonymous_8)
FNF:9
FNH:9
FNDA:1,(anonymous_0)
FNDA:1,(anonymous_1)
FNDA:13,(anonymous_2)
FNDA:16,(anonymous_3)
FNDA:1,(anonymous_4)
FNDA:2,(anonymous_5)
FNDA:2,(anonymous_6)
FNDA:1,(anonymous_7)
FNDA:2,(anonymous_8)
DA:1,11
DA:2,11
DA:3,11
DA:6,11
DA:8,37
DA:11,1
DA:18,1
DA:20,1
DA:24,13
DA:33,16
DA:39,16
DA:40,6
DA:43,10
DA:47,1
DA:54,1
DA:56,1
DA:61,2
DA:65,2
DA:69,2
DA:77,2
DA:81,1
DA:87,1
DA:88,1
DA:91,0
DA:95,2
DA:100,2
DA:101,1
DA:104,1
LF:28
LH:27
BRDA:39,0,0,6
BRDA:65,1,0,2
BRDA:65,1,1,0
BRDA:77,2,0,2
BRDA:77,2,1,0
BRDA:87,3,0,1
BRDA:100,4,0,1
BRF:7
BRH:5
end_of_record
TN:
SF:src\app\features\user\routes\user.routes.ts
FN:5,(anonymous_0)
FNF:1
FNH:1
FNDA:11,(anonymous_0)
DA:1,11
DA:2,11
DA:3,11
DA:5,11
DA:6,11
DA:9,11
DA:12,11
DA:15,11
DA:18,11
DA:21,11
DA:23,11
LF:11
LH:11
BRF:0
BRH:0
end_of_record
TN:
SF:src\app\features\user\usecases\create.user.usecase.ts
FN:15,(anonymous_0)
FN:21,(anonymous_1)
FN:60,(anonymous_2)
FNF:3
FNH:3
FNDA:2,(anonymous_0)
FNDA:1,(anonymous_1)
FNDA:1,(anonymous_2)
DA:1,11
DA:12,11
DA:14,11
DA:16,2
DA:17,2
DA:18,2
DA:22,1
DA:24,1
DA:25,0
DA:32,1
DA:33,0
DA:40,1
DA:46,1
DA:48,1
DA:50,1
DA:52,1
DA:61,1
DA:63,1
DA:64,1
LF:19
LH:17
BRDA:24,0,0,0
BRDA:32,1,0,0
BRF:2
BRH:0
end_of_record
TN:
SF:src\app\features\user\usecases\delete.user.usecase.ts
FN:8,(anonymous_0)
FN:13,(anonymous_1)
FN:35,(anonymous_2)
FNF:3
FNH:3
FNDA:3,(anonymous_0)
FNDA:2,(anonymous_1)
FNDA:1,(anonymous_2)
DA:5,11
DA:7,11
DA:9,3
DA:10,3
DA:14,2
DA:16,2
DA:17,1
DA:24,1
DA:26,1
DA:28,1
DA:36,1
DA:38,1
DA:39,1
LF:13
LH:13
BRDA:16,0,0,1
BRF:1
BRH:1
end_of_record
TN:
SF:src\app\features\user\usecases\get.user.usecase.ts
FN:9,(anonymous_0)
FN:14,(anonymous_1)
FNF:2
FNH:2
FNDA:3,(anonymous_0)
FNDA:2,(anonymous_1)
DA:6,11
DA:8,11
DA:10,3
DA:11,3
DA:16,2
DA:18,2
DA:19,0
DA:27,2
DA:29,2
DA:30,1
DA:37,1
DA:39,1
DA:41,1
LF:13
LH:12
BRDA:18,0,0,0
BRDA:29,1,0,1
BRF:2
BRH:1
end_of_record
TN:
SF:src\app\features\user\usecases\list.user.usecase.ts
FN:14,(anonymous_0)
FN:19,(anonymous_1)
FN:35,(anonymous_2)
FNF:3
FNH:3
FNDA:2,(anonymous_0)
FNDA:1,(anonymous_1)
FNDA:1,(anonymous_2)
DA:11,11
DA:13,11
DA:15,2
DA:16,2
DA:20,1
DA:22,1
DA:24,1
DA:25,0
DA:33,1
DA:35,1
DA:37,1
DA:38,1
DA:41,1
LF:13
LH:12
BRDA:20,0,0,1
BRDA:20,0,1,1
BRDA:20,1,0,1
BRDA:20,1,1,1
BRDA:24,2,0,0
BRDA:37,3,0,1
BRF:6
BRH:5
end_of_record
TN:
SF:src\app\features\user\usecases\update.user.usecase.ts
FN:16,(anonymous_0)
FN:21,(anonymous_1)
FN:53,(anonymous_2)
FNF:3
FNH:3
FNDA:3,(anonymous_0)
FNDA:2,(anonymous_1)
FNDA:1,(anonymous_2)
DA:12,11
DA:14,11
DA:17,3
DA:18,3
DA:22,2
DA:24,2
DA:25,0
DA:32,2
DA:34,2
DA:35,1
DA:42,1
DA:44,1
DA:46,1
DA:54,1
DA:56,1
DA:57,0
LF:16
LH:14
BRDA:24,0,0,0
BRDA:34,1,0,1
BRF:2
BRH:1
end_of_record
TN:
SF:src\app\features\user\util\user.usecase.factory.ts
FN:9,(anonymous_0)
FN:17,(anonymous_1)
FN:24,(anonymous_2)
FN:31,(anonymous_3)
FN:38,(anonymous_4)
FNF:5
FNH:5
FNDA:2,(anonymous_0)
FNDA:2,(anonymous_1)
FNDA:3,(anonymous_2)
FNDA:3,(anonymous_3)
FNDA:3,(anonymous_4)
DA:1,11
DA:2,11
DA:3,11
DA:4,11
DA:5,11
DA:6,11
DA:7,11
DA:9,11
DA:10,2
DA:11,2
DA:12,2
DA:14,2
DA:17,11
DA:18,2
DA:19,2
DA:21,2
DA:24,11
DA:25,3
DA:26,3
DA:28,3
DA:31,11
DA:32,3
DA:33,3
DA:35,3
DA:38,11
DA:39,3
DA:40,3
DA:42,3
LF:28
LH:28
BRF:0
BRH:0
end_of_record
TN:
SF:src\app\features\user\validators\create.user.validator.ts
FN:5,(anonymous_0)
FNF:1
FNH:1
FNDA:5,(anonymous_0)
DA:2,11
DA:3,11
DA:4,11
DA:6,5
DA:7,5
DA:9,5
DA:10,1
DA:13,4
DA:14,1
DA:17,3
DA:18,1
DA:21,2
DA:23,0
LF:13
LH:12
BRDA:9,0,0,1
BRDA:13,1,0,1
BRDA:17,2,0,1
BRF:3
BRH:3
end_of_record
TN:
SF:src\app\models\recados.model.ts
FN:6,(anonymous_0)
FN:14,(anonymous_1)
FN:18,(anonymous_2)
FN:22,(anonymous_3)
FN:26,(anonymous_4)
FN:30,(anonymous_5)
FN:34,(anonymous_6)
FN:38,(anonymous_7)
FN:42,(anonymous_8)
FN:50,(anonymous_9)
FNF:10
FNH:7
FNDA:11,(anonymous_0)
FNDA:10,(anonymous_1)
FNDA:6,(anonymous_2)
FNDA:7,(anonymous_3)
FNDA:1,(anonymous_4)
FNDA:0,(anonymous_5)
FNDA:0,(anonymous_6)
FNDA:0,(anonymous_7)
FNDA:5,(anonymous_8)
FNDA:4,(anonymous_9)
DA:1,11
DA:3,11
DA:7,11
DA:8,11
DA:9,11
DA:11,11
DA:15,10
DA:19,6
DA:23,7
DA:27,1
DA:31,0
DA:35,0
DA:39,0
DA:43,5
DA:45,5
DA:47,5
DA:51,4
LF:17
LH:14
BRDA:9,0,0,6
BRF:1
BRH:1
end_of_record
TN:
SF:src\app\models\user.models.ts
FN:8,(anonymous_0)
FN:19,(anonymous_1)
FN:23,(anonymous_2)
FN:27,(anonymous_3)
FN:31,(anonymous_4)
FN:35,(anonymous_5)
FN:39,(anonymous_6)
FN:43,(anonymous_7)
FN:47,(anonymous_8)
FN:51,(anonymous_9)
FN:59,(anonymous_10)
FNF:11
FNH:7
FNDA:42,(anonymous_0)
FNDA:49,(anonymous_1)
FNDA:0,(anonymous_2)
FNDA:29,(anonymous_3)
FNDA:30,(anonymous_4)
FNDA:30,(anonymous_5)
FNDA:0,(anonymous_6)
FNDA:0,(anonymous_7)
FNDA:0,(anonymous_8)
FNDA:3,(anonymous_9)
FNDA:13,(anonymous_10)
DA:1,11
DA:4,11
DA:9,42
DA:10,42
DA:11,42
DA:12,42
DA:15,42
DA:16,42
DA:20,49
DA:24,0
DA:28,29
DA:32,30
DA:36,30
DA:40,0
DA:44,0
DA:48,0
DA:52,3
DA:60,13
DA:62,13
DA:64,13
LF:20
LH:16
BRF:0
BRH:0
end_of_record
TN:
SF:src\app\shared\database\entities\recados.entity.ts
FN:37,(anonymous_2)
FNF:1
FNH:1
FNDA:11,(anonymous_2)
DA:1,11
DA:2,11
DA:7,11
DA:9,11
DA:12,11
DA:15,11
DA:20,11
DA:25,11
DA:30,11
DA:35,11
DA:37,11
DA:43,11
LF:12
LH:12
BRF:0
BRH:0
end_of_record
TN:
SF:src\app\shared\database\entities\user.entity.ts
FN:32,(anonymous_2)
FN:32,(anonymous_3)
FNF:2
FNH:2
FNDA:11,(anonymous_2)
FNDA:11,(anonymous_3)
DA:1,11
DA:2,11
DA:7,11
DA:9,11
DA:12,11
DA:17,11
DA:20,11
DA:25,11
DA:30,11
DA:32,11
DA:35,11
LF:11
LH:11
BRF:0
BRH:0
end_of_record
TN:
SF:src\app\shared\database\repositories\cache.repository.ts
FN:8,(anonymous_0)
FN:18,(anonymous_1)
FN:22,(anonymous_2)
FN:26,(anonymous_3)
FNF:4
FNH:4
FNDA:1,(anonymous_0)
FNDA:5,(anonymous_1)
FNDA:11,(anonymous_2)
FNDA:6,(anonymous_3)
DA:2,11
DA:5,11
DA:6,32
DA:9,1
DA:11,1
DA:12,1
DA:15,0
DA:19,5
DA:23,11
DA:27,6
LF:10
LH:9
BRDA:11,0,0,1
BRF:1
BRH:1
end_of_record
TN:
SF:src\app\shared\errors\request.error.ts
FN:4,(anonymous_0)
FN:11,(anonymous_1)
FNF:2
FNH:1
FNDA:5,(anonymous_0)
FNDA:0,(anonymous_1)
DA:3,11
DA:5,5
DA:12,0
LF:3
LH:2
BRF:0
BRH:0
end_of_record
TN:
SF:src\app\shared\errors\serverError.ts
FN:5,(anonymous_0)
FNF:1
FNH:1
FNDA:12,(anonymous_0)
DA:4,11
DA:6,12
LF:2
LH:2
BRF:0
BRH:0
end_of_record
TN:
SF:src\app\shared\utils\jwtadapter.ts
FN:8,(anonymous_1)
FN:15,(anonymous_2)
FNF:2
FNH:2
FNDA:21,(anonymous_1)
FNDA:19,(anonymous_2)
DA:1,11
DA:2,11
DA:7,11
DA:12,21
DA:16,19
LF:5
LH:5
BRF:0
BRH:0
end_of_record
